The system is: Linux - 5.15.0-67-generic - x86_64
Compiling the C compiler identification source file "CMakeCCompilerId.c" succeeded.
Compiler: /usr/bin/cc 
Build flags: 
Id flags:  

The output was:
0


Compilation of the C compiler identification source "CMakeCCompilerId.c" produced "a.out"

The C compiler identification is GNU, found in "/home/okan/turtlebot2_ws/build_isolated/ecl_config/CMakeFiles/3.16.3/CompilerIdC/a.out"

Compiling the CXX compiler identification source file "CMakeCXXCompilerId.cpp" succeeded.
Compiler: /usr/bin/c++ 
Build flags: 
Id flags:  

The output was:
0


Compilation of the CXX compiler identification source "CMakeCXXCompilerId.cpp" produced "a.out"

The CXX compiler identification is GNU, found in "/home/okan/turtlebot2_ws/build_isolated/ecl_config/CMakeFiles/3.16.3/CompilerIdCXX/a.out"

Determining if the C compiler works passed with the following output:
Change Dir: /home/okan/turtlebot2_ws/build_isolated/ecl_config/CMakeFiles/CMakeTmp

Run Build Command(s):/usr/bin/make cmTC_3a757/fast && /usr/bin/make -f CMakeFiles/cmTC_3a757.dir/build.make CMakeFiles/cmTC_3a757.dir/build
make[1]: Entering directory '/home/okan/turtlebot2_ws/build_isolated/ecl_config/CMakeFiles/CMakeTmp'
Building C object CMakeFiles/cmTC_3a757.dir/testCCompiler.c.o
/usr/bin/cc    -o CMakeFiles/cmTC_3a757.dir/testCCompiler.c.o   -c /home/okan/turtlebot2_ws/build_isolated/ecl_config/CMakeFiles/CMakeTmp/testCCompiler.c
Linking C executable cmTC_3a757
/usr/bin/cmake -E cmake_link_script CMakeFiles/cmTC_3a757.dir/link.txt --verbose=1
/usr/bin/cc      -rdynamic CMakeFiles/cmTC_3a757.dir/testCCompiler.c.o  -o cmTC_3a757 
make[1]: Leaving directory '/home/okan/turtlebot2_ws/build_isolated/ecl_config/CMakeFiles/CMakeTmp'



Detecting C compiler ABI info compiled with the following output:
Change Dir: /home/okan/turtlebot2_ws/build_isolated/ecl_config/CMakeFiles/CMakeTmp

Run Build Command(s):/usr/bin/make cmTC_5474b/fast && /usr/bin/make -f CMakeFiles/cmTC_5474b.dir/build.make CMakeFiles/cmTC_5474b.dir/build
make[1]: Entering directory '/home/okan/turtlebot2_ws/build_isolated/ecl_config/CMakeFiles/CMakeTmp'
Building C object CMakeFiles/cmTC_5474b.dir/CMakeCCompilerABI.c.o
/usr/bin/cc   -v -o CMakeFiles/cmTC_5474b.dir/CMakeCCompilerABI.c.o   -c /usr/share/cmake-3.16/Modules/CMakeCCompilerABI.c
Using built-in specs.
COLLECT_GCC=/usr/bin/cc
OFFLOAD_TARGET_NAMES=nvptx-none:hsa
OFFLOAD_TARGET_DEFAULT=1
Target: x86_64-linux-gnu
Configured with: ../src/configure -v --with-pkgversion='Ubuntu 9.4.0-1ubuntu1~20.04.2' --with-bugurl=file:///usr/share/doc/gcc-9/README.Bugs --enable-languages=c,ada,c++,go,brig,d,fortran,objc,obj-c++,gm2 --prefix=/usr --with-gcc-major-version-only --program-suffix=-9 --program-prefix=x86_64-linux-gnu- --enable-shared --enable-linker-build-id --libexecdir=/usr/lib --without-included-gettext --enable-threads=posix --libdir=/usr/lib --enable-nls --enable-clocale=gnu --enable-libstdcxx-debug --enable-libstdcxx-time=yes --with-default-libstdcxx-abi=new --enable-gnu-unique-object --disable-vtable-verify --enable-plugin --enable-default-pie --with-system-zlib --with-target-system-zlib=auto --enable-objc-gc=auto --enable-multiarch --disable-werror --with-arch-32=i686 --with-abi=m64 --with-multilib-list=m32,m64,mx32 --enable-multilib --with-tune=generic --enable-offload-targets=nvptx-none=/build/gcc-9-9QDOt0/gcc-9-9.4.0/debian/tmp-nvptx/usr,hsa --without-cuda-driver --enable-checking=release --build=x86_64-linux-gnu --host=x86_64-linux-gnu --target=x86_64-linux-gnu
Thread model: posix
gcc version 9.4.0 (Ubuntu 9.4.0-1ubuntu1~20.04.2) 
COLLECT_GCC_OPTIONS='-v' '-o' 'CMakeFiles/cmTC_5474b.dir/CMakeCCompilerABI.c.o' '-c' '-mtune=generic' '-march=x86-64'
 /usr/lib/gcc/x86_64-linux-gnu/9/cc1 -quiet -v -imultiarch x86_64-linux-gnu /usr/share/cmake-3.16/Modules/CMakeCCompilerABI.c -quiet -dumpbase CMakeCCompilerABI.c -mtune=generic -march=x86-64 -auxbase-strip CMakeFiles/cmTC_5474b.dir/CMakeCCompilerABI.c.o -version -fasynchronous-unwind-tables -fstack-protector-strong -Wformat -Wformat-security -fstack-clash-protection -fcf-protection -o /tmp/cc0hAk7U.s
GNU C17 (Ubuntu 9.4.0-1ubuntu1~20.04.2) version 9.4.0 (x86_64-linux-gnu)
	compiled by GNU C version 9.4.0, GMP version 6.2.0, MPFR version 4.0.2, MPC version 1.1.0, isl version isl-0.22.1-GMP

GGC heuristics: --param ggc-min-expand=100 --param ggc-min-heapsize=131072
ignoring nonexistent directory "/usr/local/include/x86_64-linux-gnu"
ignoring nonexistent directory "/usr/lib/gcc/x86_64-linux-gnu/9/include-fixed"
ignoring nonexistent directory "/usr/lib/gcc/x86_64-linux-gnu/9/../../../../x86_64-linux-gnu/include"
#include "..." search starts here:
#include <...> search starts here:
 /usr/lib/gcc/x86_64-linux-gnu/9/include
 /usr/local/include
 /usr/include/x86_64-linux-gnu
 /usr/include
End of search list.
GNU C17 (Ubuntu 9.4.0-1ubuntu1~20.04.2) version 9.4.0 (x86_64-linux-gnu)
	compiled by GNU C version 9.4.0, GMP version 6.2.0, MPFR version 4.0.2, MPC version 1.1.0, isl version isl-0.22.1-GMP

GGC heuristics: --param ggc-min-expand=100 --param ggc-min-heapsize=131072
Compiler executable checksum: 01da938ff5dc2163489aa33cb3b747a7
COLLECT_GCC_OPTIONS='-v' '-o' 'CMakeFiles/cmTC_5474b.dir/CMakeCCompilerABI.c.o' '-c' '-mtune=generic' '-march=x86-64'
 as -v --64 -o CMakeFiles/cmTC_5474b.dir/CMakeCCompilerABI.c.o /tmp/cc0hAk7U.s
GNU assembler version 2.34 (x86_64-linux-gnu) using BFD version (GNU Binutils for Ubuntu) 2.34
COMPILER_PATH=/usr/lib/gcc/x86_64-linux-gnu/9/:/usr/lib/gcc/x86_64-linux-gnu/9/:/usr/lib/gcc/x86_64-linux-gnu/:/usr/lib/gcc/x86_64-linux-gnu/9/:/usr/lib/gcc/x86_64-linux-gnu/
LIBRARY_PATH=/usr/lib/gcc/x86_64-linux-gnu/9/:/usr/lib/gcc/x86_64-linux-gnu/9/../../../x86_64-linux-gnu/:/usr/lib/gcc/x86_64-linux-gnu/9/../../../../lib/:/lib/x86_64-linux-gnu/:/lib/../lib/:/usr/lib/x86_64-linux-gnu/:/usr/lib/../lib/:/usr/lib/gcc/x86_64-linux-gnu/9/../../../:/lib/:/usr/lib/
COLLECT_GCC_OPTIONS='-v' '-o' 'CMakeFiles/cmTC_5474b.dir/CMakeCCompilerABI.c.o' '-c' '-mtune=generic' '-march=x86-64'
Linking C executable cmTC_5474b
/usr/bin/cmake -E cmake_link_script CMakeFiles/cmTC_5474b.dir/link.txt --verbose=1
/usr/bin/cc     -v -rdynamic CMakeFiles/cmTC_5474b.dir/CMakeCCompilerABI.c.o  -o cmTC_5474b 
Using built-in specs.
COLLECT_GCC=/usr/bin/cc
COLLECT_LTO_WRAPPER=/usr/lib/gcc/x86_64-linux-gnu/9/lto-wrapper
OFFLOAD_TARGET_NAMES=nvptx-none:hsa
OFFLOAD_TARGET_DEFAULT=1
Target: x86_64-linux-gnu
Configured with: ../src/configure -v --with-pkgversion='Ubuntu 9.4.0-1ubuntu1~20.04.2' --with-bugurl=file:///usr/share/doc/gcc-9/README.Bugs --enable-languages=c,ada,c++,go,brig,d,fortran,objc,obj-c++,gm2 --prefix=/usr --with-gcc-major-version-only --program-suffix=-9 --program-prefix=x86_64-linux-gnu- --enable-shared --enable-linker-build-id --libexecdir=/usr/lib --without-included-gettext --enable-threads=posix --libdir=/usr/lib --enable-nls --enable-clocale=gnu --enable-libstdcxx-debug --enable-libstdcxx-time=yes --with-default-libstdcxx-abi=new --enable-gnu-unique-object --disable-vtable-verify --enable-plugin --enable-default-pie --with-system-zlib --with-target-system-zlib=auto --enable-objc-gc=auto --enable-multiarch --disable-werror --with-arch-32=i686 --with-abi=m64 --with-multilib-list=m32,m64,mx32 --enable-multilib --with-tune=generic --enable-offload-targets=nvptx-none=/build/gcc-9-9QDOt0/gcc-9-9.4.0/debian/tmp-nvptx/usr,hsa --without-cuda-driver --enable-checking=release --build=x86_64-linux-gnu --host=x86_64-linux-gnu --target=x86_64-linux-gnu
Thread model: posix
gcc version 9.4.0 (Ubuntu 9.4.0-1ubuntu1~20.04.2) 
COMPILER_PATH=/usr/lib/gcc/x86_64-linux-gnu/9/:/usr/lib/gcc/x86_64-linux-gnu/9/:/usr/lib/gcc/x86_64-linux-gnu/:/usr/lib/gcc/x86_64-linux-gnu/9/:/usr/lib/gcc/x86_64-linux-gnu/
LIBRARY_PATH=/usr/lib/gcc/x86_64-linux-gnu/9/:/usr/lib/gcc/x86_64-linux-gnu/9/../../../x86_64-linux-gnu/:/usr/lib/gcc/x86_64-linux-gnu/9/../../../../lib/:/lib/x86_64-linux-gnu/:/lib/../lib/:/usr/lib/x86_64-linux-gnu/:/usr/lib/../lib/:/usr/lib/gcc/x86_64-linux-gnu/9/../../../:/lib/:/usr/lib/
COLLECT_GCC_OPTIONS='-v' '-rdynamic' '-o' 'cmTC_5474b' '-mtune=generic' '-march=x86-64'
 /usr/lib/gcc/x86_64-linux-gnu/9/collect2 -plugin /usr/lib/gcc/x86_64-linux-gnu/9/liblto_plugin.so -plugin-opt=/usr/lib/gcc/x86_64-linux-gnu/9/lto-wrapper -plugin-opt=-fresolution=/tmp/ccovMRJn.res -plugin-opt=-pass-through=-lgcc -plugin-opt=-pass-through=-lgcc_s -plugin-opt=-pass-through=-lc -plugin-opt=-pass-through=-lgcc -plugin-opt=-pass-through=-lgcc_s --build-id --eh-frame-hdr -m elf_x86_64 --hash-style=gnu --as-needed -export-dynamic -dynamic-linker /lib64/ld-linux-x86-64.so.2 -pie -z now -z relro -o cmTC_5474b /usr/lib/gcc/x86_64-linux-gnu/9/../../../x86_64-linux-gnu/Scrt1.o /usr/lib/gcc/x86_64-linux-gnu/9/../../../x86_64-linux-gnu/crti.o /usr/lib/gcc/x86_64-linux-gnu/9/crtbeginS.o -L/usr/lib/gcc/x86_64-linux-gnu/9 -L/usr/lib/gcc/x86_64-linux-gnu/9/../../../x86_64-linux-gnu -L/usr/lib/gcc/x86_64-linux-gnu/9/../../../../lib -L/lib/x86_64-linux-gnu -L/lib/../lib -L/usr/lib/x86_64-linux-gnu -L/usr/lib/../lib -L/usr/lib/gcc/x86_64-linux-gnu/9/../../.. CMakeFiles/cmTC_5474b.dir/CMakeCCompilerABI.c.o -lgcc --push-state --as-needed -lgcc_s --pop-state -lc -lgcc --push-state --as-needed -lgcc_s --pop-state /usr/lib/gcc/x86_64-linux-gnu/9/crtendS.o /usr/lib/gcc/x86_64-linux-gnu/9/../../../x86_64-linux-gnu/crtn.o
COLLECT_GCC_OPTIONS='-v' '-rdynamic' '-o' 'cmTC_5474b' '-mtune=generic' '-march=x86-64'
make[1]: Leaving directory '/home/okan/turtlebot2_ws/build_isolated/ecl_config/CMakeFiles/CMakeTmp'



Parsed C implicit include dir info from above output: rv=done
  found start of include info
  found start of implicit include info
    add: [/usr/lib/gcc/x86_64-linux-gnu/9/include]
    add: [/usr/local/include]
    add: [/usr/include/x86_64-linux-gnu]
    add: [/usr/include]
  end of search list found
  collapse include dir [/usr/lib/gcc/x86_64-linux-gnu/9/include] ==> [/usr/lib/gcc/x86_64-linux-gnu/9/include]
  collapse include dir [/usr/local/include] ==> [/usr/local/include]
  collapse include dir [/usr/include/x86_64-linux-gnu] ==> [/usr/include/x86_64-linux-gnu]
  collapse include dir [/usr/include] ==> [/usr/include]
  implicit include dirs: [/usr/lib/gcc/x86_64-linux-gnu/9/include;/usr/local/include;/usr/include/x86_64-linux-gnu;/usr/include]


Parsed C implicit link information from above output:
  link line regex: [^( *|.*[/\])(ld|CMAKE_LINK_STARTFILE-NOTFOUND|([^/\]+-)?ld|collect2)[^/\]*( |$)]
  ignore line: [Change Dir: /home/okan/turtlebot2_ws/build_isolated/ecl_config/CMakeFiles/CMakeTmp]
  ignore line: []
  ignore line: [Run Build Command(s):/usr/bin/make cmTC_5474b/fast && /usr/bin/make -f CMakeFiles/cmTC_5474b.dir/build.make CMakeFiles/cmTC_5474b.dir/build]
  ignore line: [make[1]: Entering directory '/home/okan/turtlebot2_ws/build_isolated/ecl_config/CMakeFiles/CMakeTmp']
  ignore line: [Building C object CMakeFiles/cmTC_5474b.dir/CMakeCCompilerABI.c.o]
  ignore line: [/usr/bin/cc   -v -o CMakeFiles/cmTC_5474b.dir/CMakeCCompilerABI.c.o   -c /usr/share/cmake-3.16/Modules/CMakeCCompilerABI.c]
  ignore line: [Using built-in specs.]
  ignore line: [COLLECT_GCC=/usr/bin/cc]
  ignore line: [OFFLOAD_TARGET_NAMES=nvptx-none:hsa]
  ignore line: [OFFLOAD_TARGET_DEFAULT=1]
  ignore line: [Target: x86_64-linux-gnu]
  ignore line: [Configured with: ../src/configure -v --with-pkgversion='Ubuntu 9.4.0-1ubuntu1~20.04.2' --with-bugurl=file:///usr/share/doc/gcc-9/README.Bugs --enable-languages=c ada c++ go brig d fortran objc obj-c++ gm2 --prefix=/usr --with-gcc-major-version-only --program-suffix=-9 --program-prefix=x86_64-linux-gnu- --enable-shared --enable-linker-build-id --libexecdir=/usr/lib --without-included-gettext --enable-threads=posix --libdir=/usr/lib --enable-nls --enable-clocale=gnu --enable-libstdcxx-debug --enable-libstdcxx-time=yes --with-default-libstdcxx-abi=new --enable-gnu-unique-object --disable-vtable-verify --enable-plugin --enable-default-pie --with-system-zlib --with-target-system-zlib=auto --enable-objc-gc=auto --enable-multiarch --disable-werror --with-arch-32=i686 --with-abi=m64 --with-multilib-list=m32 m64 mx32 --enable-multilib --with-tune=generic --enable-offload-targets=nvptx-none=/build/gcc-9-9QDOt0/gcc-9-9.4.0/debian/tmp-nvptx/usr hsa --without-cuda-driver --enable-checking=release --build=x86_64-linux-gnu --host=x86_64-linux-gnu --target=x86_64-linux-gnu]
  ignore line: [Thread model: posix]
  ignore line: [gcc version 9.4.0 (Ubuntu 9.4.0-1ubuntu1~20.04.2) ]
  ignore line: [COLLECT_GCC_OPTIONS='-v' '-o' 'CMakeFiles/cmTC_5474b.dir/CMakeCCompilerABI.c.o' '-c' '-mtune=generic' '-march=x86-64']
  ignore line: [ /usr/lib/gcc/x86_64-linux-gnu/9/cc1 -quiet -v -imultiarch x86_64-linux-gnu /usr/share/cmake-3.16/Modules/CMakeCCompilerABI.c -quiet -dumpbase CMakeCCompilerABI.c -mtune=generic -march=x86-64 -auxbase-strip CMakeFiles/cmTC_5474b.dir/CMakeCCompilerABI.c.o -version -fasynchronous-unwind-tables -fstack-protector-strong -Wformat -Wformat-security -fstack-clash-protection -fcf-protection -o /tmp/cc0hAk7U.s]
  ignore line: [GNU C17 (Ubuntu 9.4.0-1ubuntu1~20.04.2) version 9.4.0 (x86_64-linux-gnu)]
  ignore line: [	compiled by GNU C version 9.4.0  GMP version 6.2.0  MPFR version 4.0.2  MPC version 1.1.0  isl version isl-0.22.1-GMP]
  ignore line: []
  ignore line: [GGC heuristics: --param ggc-min-expand=100 --param ggc-min-heapsize=131072]
  ignore line: [ignoring nonexistent directory "/usr/local/include/x86_64-linux-gnu"]
  ignore line: [ignoring nonexistent directory "/usr/lib/gcc/x86_64-linux-gnu/9/include-fixed"]
  ignore line: [ignoring nonexistent directory "/usr/lib/gcc/x86_64-linux-gnu/9/../../../../x86_64-linux-gnu/include"]
  ignore line: [#include "..." search starts here:]
  ignore line: [#include <...> search starts here:]
  ignore line: [ /usr/lib/gcc/x86_64-linux-gnu/9/include]
  ignore line: [ /usr/local/include]
  ignore line: [ /usr/include/x86_64-linux-gnu]
  ignore line: [ /usr/include]
  ignore line: [End of search list.]
  ignore line: [GNU C17 (Ubuntu 9.4.0-1ubuntu1~20.04.2) version 9.4.0 (x86_64-linux-gnu)]
  ignore line: [	compiled by GNU C version 9.4.0  GMP version 6.2.0  MPFR version 4.0.2  MPC version 1.1.0  isl version isl-0.22.1-GMP]
  ignore line: []
  ignore line: [GGC heuristics: --param ggc-min-expand=100 --param ggc-min-heapsize=131072]
  ignore line: [Compiler executable checksum: 01da938ff5dc2163489aa33cb3b747a7]
  ignore line: [COLLECT_GCC_OPTIONS='-v' '-o' 'CMakeFiles/cmTC_5474b.dir/CMakeCCompilerABI.c.o' '-c' '-mtune=generic' '-march=x86-64']
  ignore line: [ as -v --64 -o CMakeFiles/cmTC_5474b.dir/CMakeCCompilerABI.c.o /tmp/cc0hAk7U.s]
  ignore line: [GNU assembler version 2.34 (x86_64-linux-gnu) using BFD version (GNU Binutils for Ubuntu) 2.34]
  ignore line: [COMPILER_PATH=/usr/lib/gcc/x86_64-linux-gnu/9/:/usr/lib/gcc/x86_64-linux-gnu/9/:/usr/lib/gcc/x86_64-linux-gnu/:/usr/lib/gcc/x86_64-linux-gnu/9/:/usr/lib/gcc/x86_64-linux-gnu/]
  ignore line: [LIBRARY_PATH=/usr/lib/gcc/x86_64-linux-gnu/9/:/usr/lib/gcc/x86_64-linux-gnu/9/../../../x86_64-linux-gnu/:/usr/lib/gcc/x86_64-linux-gnu/9/../../../../lib/:/lib/x86_64-linux-gnu/:/lib/../lib/:/usr/lib/x86_64-linux-gnu/:/usr/lib/../lib/:/usr/lib/gcc/x86_64-linux-gnu/9/../../../:/lib/:/usr/lib/]
  ignore line: [COLLECT_GCC_OPTIONS='-v' '-o' 'CMakeFiles/cmTC_5474b.dir/CMakeCCompilerABI.c.o' '-c' '-mtune=generic' '-march=x86-64']
  ignore line: [Linking C executable cmTC_5474b]
  ignore line: [/usr/bin/cmake -E cmake_link_script CMakeFiles/cmTC_5474b.dir/link.txt --verbose=1]
  ignore line: [/usr/bin/cc     -v -rdynamic CMakeFiles/cmTC_5474b.dir/CMakeCCompilerABI.c.o  -o cmTC_5474b ]
  ignore line: [Using built-in specs.]
  ignore line: [COLLECT_GCC=/usr/bin/cc]
  ignore line: [COLLECT_LTO_WRAPPER=/usr/lib/gcc/x86_64-linux-gnu/9/lto-wrapper]
  ignore line: [OFFLOAD_TARGET_NAMES=nvptx-none:hsa]
  ignore line: [OFFLOAD_TARGET_DEFAULT=1]
  ignore line: [Target: x86_64-linux-gnu]
  ignore line: [Configured with: ../src/configure -v --with-pkgversion='Ubuntu 9.4.0-1ubuntu1~20.04.2' --with-bugurl=file:///usr/share/doc/gcc-9/README.Bugs --enable-languages=c ada c++ go brig d fortran objc obj-c++ gm2 --prefix=/usr --with-gcc-major-version-only --program-suffix=-9 --program-prefix=x86_64-linux-gnu- --enable-shared --enable-linker-build-id --libexecdir=/usr/lib --without-included-gettext --enable-threads=posix --libdir=/usr/lib --enable-nls --enable-clocale=gnu --enable-libstdcxx-debug --enable-libstdcxx-time=yes --with-default-libstdcxx-abi=new --enable-gnu-unique-object --disable-vtable-verify --enable-plugin --enable-default-pie --with-system-zlib --with-target-system-zlib=auto --enable-objc-gc=auto --enable-multiarch --disable-werror --with-arch-32=i686 --with-abi=m64 --with-multilib-list=m32 m64 mx32 --enable-multilib --with-tune=generic --enable-offload-targets=nvptx-none=/build/gcc-9-9QDOt0/gcc-9-9.4.0/debian/tmp-nvptx/usr hsa --without-cuda-driver --enable-checking=release --build=x86_64-linux-gnu --host=x86_64-linux-gnu --target=x86_64-linux-gnu]
  ignore line: [Thread model: posix]
  ignore line: [gcc version 9.4.0 (Ubuntu 9.4.0-1ubuntu1~20.04.2) ]
  ignore line: [COMPILER_PATH=/usr/lib/gcc/x86_64-linux-gnu/9/:/usr/lib/gcc/x86_64-linux-gnu/9/:/usr/lib/gcc/x86_64-linux-gnu/:/usr/lib/gcc/x86_64-linux-gnu/9/:/usr/lib/gcc/x86_64-linux-gnu/]
  ignore line: [LIBRARY_PATH=/usr/lib/gcc/x86_64-linux-gnu/9/:/usr/lib/gcc/x86_64-linux-gnu/9/../../../x86_64-linux-gnu/:/usr/lib/gcc/x86_64-linux-gnu/9/../../../../lib/:/lib/x86_64-linux-gnu/:/lib/../lib/:/usr/lib/x86_64-linux-gnu/:/usr/lib/../lib/:/usr/lib/gcc/x86_64-linux-gnu/9/../../../:/lib/:/usr/lib/]
  ignore line: [COLLECT_GCC_OPTIONS='-v' '-rdynamic' '-o' 'cmTC_5474b' '-mtune=generic' '-march=x86-64']
  link line: [ /usr/lib/gcc/x86_64-linux-gnu/9/collect2 -plugin /usr/lib/gcc/x86_64-linux-gnu/9/liblto_plugin.so -plugin-opt=/usr/lib/gcc/x86_64-linux-gnu/9/lto-wrapper -plugin-opt=-fresolution=/tmp/ccovMRJn.res -plugin-opt=-pass-through=-lgcc -plugin-opt=-pass-through=-lgcc_s -plugin-opt=-pass-through=-lc -plugin-opt=-pass-through=-lgcc -plugin-opt=-pass-through=-lgcc_s --build-id --eh-frame-hdr -m elf_x86_64 --hash-style=gnu --as-needed -export-dynamic -dynamic-linker /lib64/ld-linux-x86-64.so.2 -pie -z now -z relro -o cmTC_5474b /usr/lib/gcc/x86_64-linux-gnu/9/../../../x86_64-linux-gnu/Scrt1.o /usr/lib/gcc/x86_64-linux-gnu/9/../../../x86_64-linux-gnu/crti.o /usr/lib/gcc/x86_64-linux-gnu/9/crtbeginS.o -L/usr/lib/gcc/x86_64-linux-gnu/9 -L/usr/lib/gcc/x86_64-linux-gnu/9/../../../x86_64-linux-gnu -L/usr/lib/gcc/x86_64-linux-gnu/9/../../../../lib -L/lib/x86_64-linux-gnu -L/lib/../lib -L/usr/lib/x86_64-linux-gnu -L/usr/lib/../lib -L/usr/lib/gcc/x86_64-linux-gnu/9/../../.. CMakeFiles/cmTC_5474b.dir/CMakeCCompilerABI.c.o -lgcc --push-state --as-needed -lgcc_s --pop-state -lc -lgcc --push-state --as-needed -lgcc_s --pop-state /usr/lib/gcc/x86_64-linux-gnu/9/crtendS.o /usr/lib/gcc/x86_64-linux-gnu/9/../../../x86_64-linux-gnu/crtn.o]
    arg [/usr/lib/gcc/x86_64-linux-gnu/9/collect2] ==> ignore
    arg [-plugin] ==> ignore
    arg [/usr/lib/gcc/x86_64-linux-gnu/9/liblto_plugin.so] ==> ignore
    arg [-plugin-opt=/usr/lib/gcc/x86_64-linux-gnu/9/lto-wrapper] ==> ignore
    arg [-plugin-opt=-fresolution=/tmp/ccovMRJn.res] ==> ignore
    arg [-plugin-opt=-pass-through=-lgcc] ==> ignore
    arg [-plugin-opt=-pass-through=-lgcc_s] ==> ignore
    arg [-plugin-opt=-pass-through=-lc] ==> ignore
    arg [-plugin-opt=-pass-through=-lgcc] ==> ignore
    arg [-plugin-opt=-pass-through=-lgcc_s] ==> ignore
    arg [--build-id] ==> ignore
    arg [--eh-frame-hdr] ==> ignore
    arg [-m] ==> ignore
    arg [elf_x86_64] ==> ignore
    arg [--hash-style=gnu] ==> ignore
    arg [--as-needed] ==> ignore
    arg [-export-dynamic] ==> ignore
    arg [-dynamic-linker] ==> ignore
    arg [/lib64/ld-linux-x86-64.so.2] ==> ignore
    arg [-pie] ==> ignore
    arg [-znow] ==> ignore
    arg [-zrelro] ==> ignore
    arg [-o] ==> ignore
    arg [cmTC_5474b] ==> ignore
    arg [/usr/lib/gcc/x86_64-linux-gnu/9/../../../x86_64-linux-gnu/Scrt1.o] ==> ignore
    arg [/usr/lib/gcc/x86_64-linux-gnu/9/../../../x86_64-linux-gnu/crti.o] ==> ignore
    arg [/usr/lib/gcc/x86_64-linux-gnu/9/crtbeginS.o] ==> ignore
    arg [-L/usr/lib/gcc/x86_64-linux-gnu/9] ==> dir [/usr/lib/gcc/x86_64-linux-gnu/9]
    arg [-L/usr/lib/gcc/x86_64-linux-gnu/9/../../../x86_64-linux-gnu] ==> dir [/usr/lib/gcc/x86_64-linux-gnu/9/../../../x86_64-linux-gnu]
    arg [-L/usr/lib/gcc/x86_64-linux-gnu/9/../../../../lib] ==> dir [/usr/lib/gcc/x86_64-linux-gnu/9/../../../../lib]
    arg [-L/lib/x86_64-linux-gnu] ==> dir [/lib/x86_64-linux-gnu]
    arg [-L/lib/../lib] ==> dir [/lib/../lib]
    arg [-L/usr/lib/x86_64-linux-gnu] ==> dir [/usr/lib/x86_64-linux-gnu]
    arg [-L/usr/lib/../lib] ==> dir [/usr/lib/../lib]
    arg [-L/usr/lib/gcc/x86_64-linux-gnu/9/../../..] ==> dir [/usr/lib/gcc/x86_64-linux-gnu/9/../../..]
    arg [CMakeFiles/cmTC_5474b.dir/CMakeCCompilerABI.c.o] ==> ignore
    arg [-lgcc] ==> lib [gcc]
    arg [--push-state] ==> ignore
    arg [--as-needed] ==> ignore
    arg [-lgcc_s] ==> lib [gcc_s]
    arg [--pop-state] ==> ignore
    arg [-lc] ==> lib [c]
    arg [-lgcc] ==> lib [gcc]
    arg [--push-state] ==> ignore
    arg [--as-needed] ==> ignore
    arg [-lgcc_s] ==> lib [gcc_s]
    arg [--pop-state] ==> ignore
    arg [/usr/lib/gcc/x86_64-linux-gnu/9/crtendS.o] ==> ignore
    arg [/usr/lib/gcc/x86_64-linux-gnu/9/../../../x86_64-linux-gnu/crtn.o] ==> ignore
  collapse library dir [/usr/lib/gcc/x86_64-linux-gnu/9] ==> [/usr/lib/gcc/x86_64-linux-gnu/9]
  collapse library dir [/usr/lib/gcc/x86_64-linux-gnu/9/../../../x86_64-linux-gnu] ==> [/usr/lib/x86_64-linux-gnu]
  collapse library dir [/usr/lib/gcc/x86_64-linux-gnu/9/../../../../lib] ==> [/usr/lib]
  collapse library dir [/lib/x86_64-linux-gnu] ==> [/lib/x86_64-linux-gnu]
  collapse library dir [/lib/../lib] ==> [/lib]
  collapse library dir [/usr/lib/x86_64-linux-gnu] ==> [/usr/lib/x86_64-linux-gnu]
  collapse library dir [/usr/lib/../lib] ==> [/usr/lib]
  collapse library dir [/usr/lib/gcc/x86_64-linux-gnu/9/../../..] ==> [/usr/lib]
  implicit libs: [gcc;gcc_s;c;gcc;gcc_s]
  implicit dirs: [/usr/lib/gcc/x86_64-linux-gnu/9;/usr/lib/x86_64-linux-gnu;/usr/lib;/lib/x86_64-linux-gnu;/lib]
  implicit fwks: []


Determining if the CXX compiler works passed with the following output:
Change Dir: /home/okan/turtlebot2_ws/build_isolated/ecl_config/CMakeFiles/CMakeTmp

Run Build Command(s):/usr/bin/make cmTC_6ef6a/fast && /usr/bin/make -f CMakeFiles/cmTC_6ef6a.dir/build.make CMakeFiles/cmTC_6ef6a.dir/build
make[1]: Entering directory '/home/okan/turtlebot2_ws/build_isolated/ecl_config/CMakeFiles/CMakeTmp'
Building CXX object CMakeFiles/cmTC_6ef6a.dir/testCXXCompiler.cxx.o
/usr/bin/c++     -o CMakeFiles/cmTC_6ef6a.dir/testCXXCompiler.cxx.o -c /home/okan/turtlebot2_ws/build_isolated/ecl_config/CMakeFiles/CMakeTmp/testCXXCompiler.cxx
Linking CXX executable cmTC_6ef6a
/usr/bin/cmake -E cmake_link_script CMakeFiles/cmTC_6ef6a.dir/link.txt --verbose=1
/usr/bin/c++       -rdynamic CMakeFiles/cmTC_6ef6a.dir/testCXXCompiler.cxx.o  -o cmTC_6ef6a 
make[1]: Leaving directory '/home/okan/turtlebot2_ws/build_isolated/ecl_config/CMakeFiles/CMakeTmp'



Detecting CXX compiler ABI info compiled with the following output:
Change Dir: /home/okan/turtlebot2_ws/build_isolated/ecl_config/CMakeFiles/CMakeTmp

Run Build Command(s):/usr/bin/make cmTC_72a75/fast && /usr/bin/make -f CMakeFiles/cmTC_72a75.dir/build.make CMakeFiles/cmTC_72a75.dir/build
make[1]: Entering directory '/home/okan/turtlebot2_ws/build_isolated/ecl_config/CMakeFiles/CMakeTmp'
Building CXX object CMakeFiles/cmTC_72a75.dir/CMakeCXXCompilerABI.cpp.o
/usr/bin/c++    -v -o CMakeFiles/cmTC_72a75.dir/CMakeCXXCompilerABI.cpp.o -c /usr/share/cmake-3.16/Modules/CMakeCXXCompilerABI.cpp
Using built-in specs.
COLLECT_GCC=/usr/bin/c++
OFFLOAD_TARGET_NAMES=nvptx-none:hsa
OFFLOAD_TARGET_DEFAULT=1
Target: x86_64-linux-gnu
Configured with: ../src/configure -v --with-pkgversion='Ubuntu 9.4.0-1ubuntu1~20.04.2' --with-bugurl=file:///usr/share/doc/gcc-9/README.Bugs --enable-languages=c,ada,c++,go,brig,d,fortran,objc,obj-c++,gm2 --prefix=/usr --with-gcc-major-version-only --program-suffix=-9 --program-prefix=x86_64-linux-gnu- --enable-shared --enable-linker-build-id --libexecdir=/usr/lib --without-included-gettext --enable-threads=posix --libdir=/usr/lib --enable-nls --enable-clocale=gnu --enable-libstdcxx-debug --enable-libstdcxx-time=yes --with-default-libstdcxx-abi=new --enable-gnu-unique-object --disable-vtable-verify --enable-plugin --enable-default-pie --with-system-zlib --with-target-system-zlib=auto --enable-objc-gc=auto --enable-multiarch --disable-werror --with-arch-32=i686 --with-abi=m64 --with-multilib-list=m32,m64,mx32 --enable-multilib --with-tune=generic --enable-offload-targets=nvptx-none=/build/gcc-9-9QDOt0/gcc-9-9.4.0/debian/tmp-nvptx/usr,hsa --without-cuda-driver --enable-checking=release --build=x86_64-linux-gnu --host=x86_64-linux-gnu --target=x86_64-linux-gnu
Thread model: posix
gcc version 9.4.0 (Ubuntu 9.4.0-1ubuntu1~20.04.2) 
COLLECT_GCC_OPTIONS='-v' '-o' 'CMakeFiles/cmTC_72a75.dir/CMakeCXXCompilerABI.cpp.o' '-c' '-shared-libgcc' '-mtune=generic' '-march=x86-64'
 /usr/lib/gcc/x86_64-linux-gnu/9/cc1plus -quiet -v -imultiarch x86_64-linux-gnu -D_GNU_SOURCE /usr/share/cmake-3.16/Modules/CMakeCXXCompilerABI.cpp -quiet -dumpbase CMakeCXXCompilerABI.cpp -mtune=generic -march=x86-64 -auxbase-strip CMakeFiles/cmTC_72a75.dir/CMakeCXXCompilerABI.cpp.o -version -fasynchronous-unwind-tables -fstack-protector-strong -Wformat -Wformat-security -fstack-clash-protection -fcf-protection -o /tmp/cc33KsCR.s
GNU C++14 (Ubuntu 9.4.0-1ubuntu1~20.04.2) version 9.4.0 (x86_64-linux-gnu)
	compiled by GNU C version 9.4.0, GMP version 6.2.0, MPFR version 4.0.2, MPC version 1.1.0, isl version isl-0.22.1-GMP

GGC heuristics: --param ggc-min-expand=100 --param ggc-min-heapsize=131072
ignoring duplicate directory "/usr/include/x86_64-linux-gnu/c++/9"
ignoring nonexistent directory "/usr/local/include/x86_64-linux-gnu"
ignoring nonexistent directory "/usr/lib/gcc/x86_64-linux-gnu/9/include-fixed"
ignoring nonexistent directory "/usr/lib/gcc/x86_64-linux-gnu/9/../../../../x86_64-linux-gnu/include"
#include "..." search starts here:
#include <...> search starts here:
 /usr/include/c++/9
 /usr/include/x86_64-linux-gnu/c++/9
 /usr/include/c++/9/backward
 /usr/lib/gcc/x86_64-linux-gnu/9/include
 /usr/local/include
 /usr/include/x86_64-linux-gnu
 /usr/include
End of search list.
GNU C++14 (Ubuntu 9.4.0-1ubuntu1~20.04.2) version 9.4.0 (x86_64-linux-gnu)
	compiled by GNU C version 9.4.0, GMP version 6.2.0, MPFR version 4.0.2, MPC version 1.1.0, isl version isl-0.22.1-GMP

GGC heuristics: --param ggc-min-expand=100 --param ggc-min-heapsize=131072
Compiler executable checksum: 3d1eba838554fa2348dba760e4770469
COLLECT_GCC_OPTIONS='-v' '-o' 'CMakeFiles/cmTC_72a75.dir/CMakeCXXCompilerABI.cpp.o' '-c' '-shared-libgcc' '-mtune=generic' '-march=x86-64'
 as -v --64 -o CMakeFiles/cmTC_72a75.dir/CMakeCXXCompilerABI.cpp.o /tmp/cc33KsCR.s
GNU assembler version 2.34 (x86_64-linux-gnu) using BFD version (GNU Binutils for Ubuntu) 2.34
COMPILER_PATH=/usr/lib/gcc/x86_64-linux-gnu/9/:/usr/lib/gcc/x86_64-linux-gnu/9/:/usr/lib/gcc/x86_64-linux-gnu/:/usr/lib/gcc/x86_64-linux-gnu/9/:/usr/lib/gcc/x86_64-linux-gnu/
LIBRARY_PATH=/usr/lib/gcc/x86_64-linux-gnu/9/:/usr/lib/gcc/x86_64-linux-gnu/9/../../../x86_64-linux-gnu/:/usr/lib/gcc/x86_64-linux-gnu/9/../../../../lib/:/lib/x86_64-linux-gnu/:/lib/../lib/:/usr/lib/x86_64-linux-gnu/:/usr/lib/../lib/:/usr/lib/gcc/x86_64-linux-gnu/9/../../../:/lib/:/usr/lib/
COLLECT_GCC_OPTIONS='-v' '-o' 'CMakeFiles/cmTC_72a75.dir/CMakeCXXCompilerABI.cpp.o' '-c' '-shared-libgcc' '-mtune=generic' '-march=x86-64'
Linking CXX executable cmTC_72a75
/usr/bin/cmake -E cmake_link_script CMakeFiles/cmTC_72a75.dir/link.txt --verbose=1
/usr/bin/c++      -v -rdynamic CMakeFiles/cmTC_72a75.dir/CMakeCXXCompilerABI.cpp.o  -o cmTC_72a75 
Using built-in specs.
COLLECT_GCC=/usr/bin/c++
COLLECT_LTO_WRAPPER=/usr/lib/gcc/x86_64-linux-gnu/9/lto-wrapper
OFFLOAD_TARGET_NAMES=nvptx-none:hsa
OFFLOAD_TARGET_DEFAULT=1
Target: x86_64-linux-gnu
Configured with: ../src/configure -v --with-pkgversion='Ubuntu 9.4.0-1ubuntu1~20.04.2' --with-bugurl=file:///usr/share/doc/gcc-9/README.Bugs --enable-languages=c,ada,c++,go,brig,d,fortran,objc,obj-c++,gm2 --prefix=/usr --with-gcc-major-version-only --program-suffix=-9 --program-prefix=x86_64-linux-gnu- --enable-shared --enable-linker-build-id --libexecdir=/usr/lib --without-included-gettext --enable-threads=posix --libdir=/usr/lib --enable-nls --enable-clocale=gnu --enable-libstdcxx-debug --enable-libstdcxx-time=yes --with-default-libstdcxx-abi=new --enable-gnu-unique-object --disable-vtable-verify --enable-plugin --enable-default-pie --with-system-zlib --with-target-system-zlib=auto --enable-objc-gc=auto --enable-multiarch --disable-werror --with-arch-32=i686 --with-abi=m64 --with-multilib-list=m32,m64,mx32 --enable-multilib --with-tune=generic --enable-offload-targets=nvptx-none=/build/gcc-9-9QDOt0/gcc-9-9.4.0/debian/tmp-nvptx/usr,hsa --without-cuda-driver --enable-checking=release --build=x86_64-linux-gnu --host=x86_64-linux-gnu --target=x86_64-linux-gnu
Thread model: posix
gcc version 9.4.0 (Ubuntu 9.4.0-1ubuntu1~20.04.2) 
COMPILER_PATH=/usr/lib/gcc/x86_64-linux-gnu/9/:/usr/lib/gcc/x86_64-linux-gnu/9/:/usr/lib/gcc/x86_64-linux-gnu/:/usr/lib/gcc/x86_64-linux-gnu/9/:/usr/lib/gcc/x86_64-linux-gnu/
LIBRARY_PATH=/usr/lib/gcc/x86_64-linux-gnu/9/:/usr/lib/gcc/x86_64-linux-gnu/9/../../../x86_64-linux-gnu/:/usr/lib/gcc/x86_64-linux-gnu/9/../../../../lib/:/lib/x86_64-linux-gnu/:/lib/../lib/:/usr/lib/x86_64-linux-gnu/:/usr/lib/../lib/:/usr/lib/gcc/x86_64-linux-gnu/9/../../../:/lib/:/usr/lib/
COLLECT_GCC_OPTIONS='-v' '-rdynamic' '-o' 'cmTC_72a75' '-shared-libgcc' '-mtune=generic' '-march=x86-64'
 /usr/lib/gcc/x86_64-linux-gnu/9/collect2 -plugin /usr/lib/gcc/x86_64-linux-gnu/9/liblto_plugin.so -plugin-opt=/usr/lib/gcc/x86_64-linux-gnu/9/lto-wrapper -plugin-opt=-fresolution=/tmp/ccTEeTEh.res -plugin-opt=-pass-through=-lgcc_s -plugin-opt=-pass-through=-lgcc -plugin-opt=-pass-through=-lc -plugin-opt=-pass-through=-lgcc_s -plugin-opt=-pass-through=-lgcc --build-id --eh-frame-hdr -m elf_x86_64 --hash-style=gnu --as-needed -export-dynamic -dynamic-linker /lib64/ld-linux-x86-64.so.2 -pie -z now -z relro -o cmTC_72a75 /usr/lib/gcc/x86_64-linux-gnu/9/../../../x86_64-linux-gnu/Scrt1.o /usr/lib/gcc/x86_64-linux-gnu/9/../../../x86_64-linux-gnu/crti.o /usr/lib/gcc/x86_64-linux-gnu/9/crtbeginS.o -L/usr/lib/gcc/x86_64-linux-gnu/9 -L/usr/lib/gcc/x86_64-linux-gnu/9/../../../x86_64-linux-gnu -L/usr/lib/gcc/x86_64-linux-gnu/9/../../../../lib -L/lib/x86_64-linux-gnu -L/lib/../lib -L/usr/lib/x86_64-linux-gnu -L/usr/lib/../lib -L/usr/lib/gcc/x86_64-linux-gnu/9/../../.. CMakeFiles/cmTC_72a75.dir/CMakeCXXCompilerABI.cpp.o -lstdc++ -lm -lgcc_s -lgcc -lc -lgcc_s -lgcc /usr/lib/gcc/x86_64-linux-gnu/9/crtendS.o /usr/lib/gcc/x86_64-linux-gnu/9/../../../x86_64-linux-gnu/crtn.o
COLLECT_GCC_OPTIONS='-v' '-rdynamic' '-o' 'cmTC_72a75' '-shared-libgcc' '-mtune=generic' '-march=x86-64'
make[1]: Leaving directory '/home/okan/turtlebot2_ws/build_isolated/ecl_config/CMakeFiles/CMakeTmp'



Parsed CXX implicit include dir info from above output: rv=done
  found start of include info
  found start of implicit include info
    add: [/usr/include/c++/9]
    add: [/usr/include/x86_64-linux-gnu/c++/9]
    add: [/usr/include/c++/9/backward]
    add: [/usr/lib/gcc/x86_64-linux-gnu/9/include]
    add: [/usr/local/include]
    add: [/usr/include/x86_64-linux-gnu]
    add: [/usr/include]
  end of search list found
  collapse include dir [/usr/include/c++/9] ==> [/usr/include/c++/9]
  collapse include dir [/usr/include/x86_64-linux-gnu/c++/9] ==> [/usr/include/x86_64-linux-gnu/c++/9]
  collapse include dir [/usr/include/c++/9/backward] ==> [/usr/include/c++/9/backward]
  collapse include dir [/usr/lib/gcc/x86_64-linux-gnu/9/include] ==> [/usr/lib/gcc/x86_64-linux-gnu/9/include]
  collapse include dir [/usr/local/include] ==> [/usr/local/include]
  collapse include dir [/usr/include/x86_64-linux-gnu] ==> [/usr/include/x86_64-linux-gnu]
  collapse include dir [/usr/include] ==> [/usr/include]
  implicit include dirs: [/usr/include/c++/9;/usr/include/x86_64-linux-gnu/c++/9;/usr/include/c++/9/backward;/usr/lib/gcc/x86_64-linux-gnu/9/include;/usr/local/include;/usr/include/x86_64-linux-gnu;/usr/include]


Parsed CXX implicit link information from above output:
  link line regex: [^( *|.*[/\])(ld|CMAKE_LINK_STARTFILE-NOTFOUND|([^/\]+-)?ld|collect2)[^/\]*( |$)]
  ignore line: [Change Dir: /home/okan/turtlebot2_ws/build_isolated/ecl_config/CMakeFiles/CMakeTmp]
  ignore line: []
  ignore line: [Run Build Command(s):/usr/bin/make cmTC_72a75/fast && /usr/bin/make -f CMakeFiles/cmTC_72a75.dir/build.make CMakeFiles/cmTC_72a75.dir/build]
  ignore line: [make[1]: Entering directory '/home/okan/turtlebot2_ws/build_isolated/ecl_config/CMakeFiles/CMakeTmp']
  ignore line: [Building CXX object CMakeFiles/cmTC_72a75.dir/CMakeCXXCompilerABI.cpp.o]
  ignore line: [/usr/bin/c++    -v -o CMakeFiles/cmTC_72a75.dir/CMakeCXXCompilerABI.cpp.o -c /usr/share/cmake-3.16/Modules/CMakeCXXCompilerABI.cpp]
  ignore line: [Using built-in specs.]
  ignore line: [COLLECT_GCC=/usr/bin/c++]
  ignore line: [OFFLOAD_TARGET_NAMES=nvptx-none:hsa]
  ignore line: [OFFLOAD_TARGET_DEFAULT=1]
  ignore line: [Target: x86_64-linux-gnu]
  ignore line: [Configured with: ../src/configure -v --with-pkgversion='Ubuntu 9.4.0-1ubuntu1~20.04.2' --with-bugurl=file:///usr/share/doc/gcc-9/README.Bugs --enable-languages=c ada c++ go brig d fortran objc obj-c++ gm2 --prefix=/usr --with-gcc-major-version-only --program-suffix=-9 --program-prefix=x86_64-linux-gnu- --enable-shared --enable-linker-build-id --libexecdir=/usr/lib --without-included-gettext --enable-threads=posix --libdir=/usr/lib --enable-nls --enable-clocale=gnu --enable-libstdcxx-debug --enable-libstdcxx-time=yes --with-default-libstdcxx-abi=new --enable-gnu-unique-object --disable-vtable-verify --enable-plugin --enable-default-pie --with-system-zlib --with-target-system-zlib=auto --enable-objc-gc=auto --enable-multiarch --disable-werror --with-arch-32=i686 --with-abi=m64 --with-multilib-list=m32 m64 mx32 --enable-multilib --with-tune=generic --enable-offload-targets=nvptx-none=/build/gcc-9-9QDOt0/gcc-9-9.4.0/debian/tmp-nvptx/usr hsa --without-cuda-driver --enable-checking=release --build=x86_64-linux-gnu --host=x86_64-linux-gnu --target=x86_64-linux-gnu]
  ignore line: [Thread model: posix]
  ignore line: [gcc version 9.4.0 (Ubuntu 9.4.0-1ubuntu1~20.04.2) ]
  ignore line: [COLLECT_GCC_OPTIONS='-v' '-o' 'CMakeFiles/cmTC_72a75.dir/CMakeCXXCompilerABI.cpp.o' '-c' '-shared-libgcc' '-mtune=generic' '-march=x86-64']
  ignore line: [ /usr/lib/gcc/x86_64-linux-gnu/9/cc1plus -quiet -v -imultiarch x86_64-linux-gnu -D_GNU_SOURCE /usr/share/cmake-3.16/Modules/CMakeCXXCompilerABI.cpp -quiet -dumpbase CMakeCXXCompilerABI.cpp -mtune=generic -march=x86-64 -auxbase-strip CMakeFiles/cmTC_72a75.dir/CMakeCXXCompilerABI.cpp.o -version -fasynchronous-unwind-tables -fstack-protector-strong -Wformat -Wformat-security -fstack-clash-protection -fcf-protection -o /tmp/cc33KsCR.s]
  ignore line: [GNU C++14 (Ubuntu 9.4.0-1ubuntu1~20.04.2) version 9.4.0 (x86_64-linux-gnu)]
  ignore line: [	compiled by GNU C version 9.4.0  GMP version 6.2.0  MPFR version 4.0.2  MPC version 1.1.0  isl version isl-0.22.1-GMP]
  ignore line: []
  ignore line: [GGC heuristics: --param ggc-min-expand=100 --param ggc-min-heapsize=131072]
  ignore line: [ignoring duplicate directory "/usr/include/x86_64-linux-gnu/c++/9"]
  ignore line: [ignoring nonexistent directory "/usr/local/include/x86_64-linux-gnu"]
  ignore line: [ignoring nonexistent directory "/usr/lib/gcc/x86_64-linux-gnu/9/include-fixed"]
  ignore line: [ignoring nonexistent directory "/usr/lib/gcc/x86_64-linux-gnu/9/../../../../x86_64-linux-gnu/include"]
  ignore line: [#include "..." search starts here:]
  ignore line: [#include <...> search starts here:]
  ignore line: [ /usr/include/c++/9]
  ignore line: [ /usr/include/x86_64-linux-gnu/c++/9]
  ignore line: [ /usr/include/c++/9/backward]
  ignore line: [ /usr/lib/gcc/x86_64-linux-gnu/9/include]
  ignore line: [ /usr/local/include]
  ignore line: [ /usr/include/x86_64-linux-gnu]
  ignore line: [ /usr/include]
  ignore line: [End of search list.]
  ignore line: [GNU C++14 (Ubuntu 9.4.0-1ubuntu1~20.04.2) version 9.4.0 (x86_64-linux-gnu)]
  ignore line: [	compiled by GNU C version 9.4.0  GMP version 6.2.0  MPFR version 4.0.2  MPC version 1.1.0  isl version isl-0.22.1-GMP]
  ignore line: []
  ignore line: [GGC heuristics: --param ggc-min-expand=100 --param ggc-min-heapsize=131072]
  ignore line: [Compiler executable checksum: 3d1eba838554fa2348dba760e4770469]
  ignore line: [COLLECT_GCC_OPTIONS='-v' '-o' 'CMakeFiles/cmTC_72a75.dir/CMakeCXXCompilerABI.cpp.o' '-c' '-shared-libgcc' '-mtune=generic' '-march=x86-64']
  ignore line: [ as -v --64 -o CMakeFiles/cmTC_72a75.dir/CMakeCXXCompilerABI.cpp.o /tmp/cc33KsCR.s]
  ignore line: [GNU assembler version 2.34 (x86_64-linux-gnu) using BFD version (GNU Binutils for Ubuntu) 2.34]
  ignore line: [COMPILER_PATH=/usr/lib/gcc/x86_64-linux-gnu/9/:/usr/lib/gcc/x86_64-linux-gnu/9/:/usr/lib/gcc/x86_64-linux-gnu/:/usr/lib/gcc/x86_64-linux-gnu/9/:/usr/lib/gcc/x86_64-linux-gnu/]
  ignore line: [LIBRARY_PATH=/usr/lib/gcc/x86_64-linux-gnu/9/:/usr/lib/gcc/x86_64-linux-gnu/9/../../../x86_64-linux-gnu/:/usr/lib/gcc/x86_64-linux-gnu/9/../../../../lib/:/lib/x86_64-linux-gnu/:/lib/../lib/:/usr/lib/x86_64-linux-gnu/:/usr/lib/../lib/:/usr/lib/gcc/x86_64-linux-gnu/9/../../../:/lib/:/usr/lib/]
  ignore line: [COLLECT_GCC_OPTIONS='-v' '-o' 'CMakeFiles/cmTC_72a75.dir/CMakeCXXCompilerABI.cpp.o' '-c' '-shared-libgcc' '-mtune=generic' '-march=x86-64']
  ignore line: [Linking CXX executable cmTC_72a75]
  ignore line: [/usr/bin/cmake -E cmake_link_script CMakeFiles/cmTC_72a75.dir/link.txt --verbose=1]
  ignore line: [/usr/bin/c++      -v -rdynamic CMakeFiles/cmTC_72a75.dir/CMakeCXXCompilerABI.cpp.o  -o cmTC_72a75 ]
  ignore line: [Using built-in specs.]
  ignore line: [COLLECT_GCC=/usr/bin/c++]
  ignore line: [COLLECT_LTO_WRAPPER=/usr/lib/gcc/x86_64-linux-gnu/9/lto-wrapper]
  ignore line: [OFFLOAD_TARGET_NAMES=nvptx-none:hsa]
  ignore line: [OFFLOAD_TARGET_DEFAULT=1]
  ignore line: [Target: x86_64-linux-gnu]
  ignore line: [Configured with: ../src/configure -v --with-pkgversion='Ubuntu 9.4.0-1ubuntu1~20.04.2' --with-bugurl=file:///usr/share/doc/gcc-9/README.Bugs --enable-languages=c ada c++ go brig d fortran objc obj-c++ gm2 --prefix=/usr --with-gcc-major-version-only --program-suffix=-9 --program-prefix=x86_64-linux-gnu- --enable-shared --enable-linker-build-id --libexecdir=/usr/lib --without-included-gettext --enable-threads=posix --libdir=/usr/lib --enable-nls --enable-clocale=gnu --enable-libstdcxx-debug --enable-libstdcxx-time=yes --with-default-libstdcxx-abi=new --enable-gnu-unique-object --disable-vtable-verify --enable-plugin --enable-default-pie --with-system-zlib --with-target-system-zlib=auto --enable-objc-gc=auto --enable-multiarch --disable-werror --with-arch-32=i686 --with-abi=m64 --with-multilib-list=m32 m64 mx32 --enable-multilib --with-tune=generic --enable-offload-targets=nvptx-none=/build/gcc-9-9QDOt0/gcc-9-9.4.0/debian/tmp-nvptx/usr hsa --without-cuda-driver --enable-checking=release --build=x86_64-linux-gnu --host=x86_64-linux-gnu --target=x86_64-linux-gnu]
  ignore line: [Thread model: posix]
  ignore line: [gcc version 9.4.0 (Ubuntu 9.4.0-1ubuntu1~20.04.2) ]
  ignore line: [COMPILER_PATH=/usr/lib/gcc/x86_64-linux-gnu/9/:/usr/lib/gcc/x86_64-linux-gnu/9/:/usr/lib/gcc/x86_64-linux-gnu/:/usr/lib/gcc/x86_64-linux-gnu/9/:/usr/lib/gcc/x86_64-linux-gnu/]
  ignore line: [LIBRARY_PATH=/usr/lib/gcc/x86_64-linux-gnu/9/:/usr/lib/gcc/x86_64-linux-gnu/9/../../../x86_64-linux-gnu/:/usr/lib/gcc/x86_64-linux-gnu/9/../../../../lib/:/lib/x86_64-linux-gnu/:/lib/../lib/:/usr/lib/x86_64-linux-gnu/:/usr/lib/../lib/:/usr/lib/gcc/x86_64-linux-gnu/9/../../../:/lib/:/usr/lib/]
  ignore line: [COLLECT_GCC_OPTIONS='-v' '-rdynamic' '-o' 'cmTC_72a75' '-shared-libgcc' '-mtune=generic' '-march=x86-64']
  link line: [ /usr/lib/gcc/x86_64-linux-gnu/9/collect2 -plugin /usr/lib/gcc/x86_64-linux-gnu/9/liblto_plugin.so -plugin-opt=/usr/lib/gcc/x86_64-linux-gnu/9/lto-wrapper -plugin-opt=-fresolution=/tmp/ccTEeTEh.res -plugin-opt=-pass-through=-lgcc_s -plugin-opt=-pass-through=-lgcc -plugin-opt=-pass-through=-lc -plugin-opt=-pass-through=-lgcc_s -plugin-opt=-pass-through=-lgcc --build-id --eh-frame-hdr -m elf_x86_64 --hash-style=gnu --as-needed -export-dynamic -dynamic-linker /lib64/ld-linux-x86-64.so.2 -pie -z now -z relro -o cmTC_72a75 /usr/lib/gcc/x86_64-linux-gnu/9/../../../x86_64-linux-gnu/Scrt1.o /usr/lib/gcc/x86_64-linux-gnu/9/../../../x86_64-linux-gnu/crti.o /usr/lib/gcc/x86_64-linux-gnu/9/crtbeginS.o -L/usr/lib/gcc/x86_64-linux-gnu/9 -L/usr/lib/gcc/x86_64-linux-gnu/9/../../../x86_64-linux-gnu -L/usr/lib/gcc/x86_64-linux-gnu/9/../../../../lib -L/lib/x86_64-linux-gnu -L/lib/../lib -L/usr/lib/x86_64-linux-gnu -L/usr/lib/../lib -L/usr/lib/gcc/x86_64-linux-gnu/9/../../.. CMakeFiles/cmTC_72a75.dir/CMakeCXXCompilerABI.cpp.o -lstdc++ -lm -lgcc_s -lgcc -lc -lgcc_s -lgcc /usr/lib/gcc/x86_64-linux-gnu/9/crtendS.o /usr/lib/gcc/x86_64-linux-gnu/9/../../../x86_64-linux-gnu/crtn.o]
    arg [/usr/lib/gcc/x86_64-linux-gnu/9/collect2] ==> ignore
    arg [-plugin] ==> ignore
    arg [/usr/lib/gcc/x86_64-linux-gnu/9/liblto_plugin.so] ==> ignore
    arg [-plugin-opt=/usr/lib/gcc/x86_64-linux-gnu/9/lto-wrapper] ==> ignore
    arg [-plugin-opt=-fresolution=/tmp/ccTEeTEh.res] ==> ignore
    arg [-plugin-opt=-pass-through=-lgcc_s] ==> ignore
    arg [-plugin-opt=-pass-through=-lgcc] ==> ignore
    arg [-plugin-opt=-pass-through=-lc] ==> ignore
    arg [-plugin-opt=-pass-through=-lgcc_s] ==> ignore
    arg [-plugin-opt=-pass-through=-lgcc] ==> ignore
    arg [--build-id] ==> ignore
    arg [--eh-frame-hdr] ==> ignore
    arg [-m] ==> ignore
    arg [elf_x86_64] ==> ignore
    arg [--hash-style=gnu] ==> ignore
    arg [--as-needed] ==> ignore
    arg [-export-dynamic] ==> ignore
    arg [-dynamic-linker] ==> ignore
    arg [/lib64/ld-linux-x86-64.so.2] ==> ignore
    arg [-pie] ==> ignore
    arg [-znow] ==> ignore
    arg [-zrelro] ==> ignore
    arg [-o] ==> ignore
    arg [cmTC_72a75] ==> ignore
    arg [/usr/lib/gcc/x86_64-linux-gnu/9/../../../x86_64-linux-gnu/Scrt1.o] ==> ignore
    arg [/usr/lib/gcc/x86_64-linux-gnu/9/../../../x86_64-linux-gnu/crti.o] ==> ignore
    arg [/usr/lib/gcc/x86_64-linux-gnu/9/crtbeginS.o] ==> ignore
    arg [-L/usr/lib/gcc/x86_64-linux-gnu/9] ==> dir [/usr/lib/gcc/x86_64-linux-gnu/9]
    arg [-L/usr/lib/gcc/x86_64-linux-gnu/9/../../../x86_64-linux-gnu] ==> dir [/usr/lib/gcc/x86_64-linux-gnu/9/../../../x86_64-linux-gnu]
    arg [-L/usr/lib/gcc/x86_64-linux-gnu/9/../../../../lib] ==> dir [/usr/lib/gcc/x86_64-linux-gnu/9/../../../../lib]
    arg [-L/lib/x86_64-linux-gnu] ==> dir [/lib/x86_64-linux-gnu]
    arg [-L/lib/../lib] ==> dir [/lib/../lib]
    arg [-L/usr/lib/x86_64-linux-gnu] ==> dir [/usr/lib/x86_64-linux-gnu]
    arg [-L/usr/lib/../lib] ==> dir [/usr/lib/../lib]
    arg [-L/usr/lib/gcc/x86_64-linux-gnu/9/../../..] ==> dir [/usr/lib/gcc/x86_64-linux-gnu/9/../../..]
    arg [CMakeFiles/cmTC_72a75.dir/CMakeCXXCompilerABI.cpp.o] ==> ignore
    arg [-lstdc++] ==> lib [stdc++]
    arg [-lm] ==> lib [m]
    arg [-lgcc_s] ==> lib [gcc_s]
    arg [-lgcc] ==> lib [gcc]
    arg [-lc] ==> lib [c]
    arg [-lgcc_s] ==> lib [gcc_s]
    arg [-lgcc] ==> lib [gcc]
    arg [/usr/lib/gcc/x86_64-linux-gnu/9/crtendS.o] ==> ignore
    arg [/usr/lib/gcc/x86_64-linux-gnu/9/../../../x86_64-linux-gnu/crtn.o] ==> ignore
  collapse library dir [/usr/lib/gcc/x86_64-linux-gnu/9] ==> [/usr/lib/gcc/x86_64-linux-gnu/9]
  collapse library dir [/usr/lib/gcc/x86_64-linux-gnu/9/../../../x86_64-linux-gnu] ==> [/usr/lib/x86_64-linux-gnu]
  collapse library dir [/usr/lib/gcc/x86_64-linux-gnu/9/../../../../lib] ==> [/usr/lib]
  collapse library dir [/lib/x86_64-linux-gnu] ==> [/lib/x86_64-linux-gnu]
  collapse library dir [/lib/../lib] ==> [/lib]
  collapse library dir [/usr/lib/x86_64-linux-gnu] ==> [/usr/lib/x86_64-linux-gnu]
  collapse library dir [/usr/lib/../lib] ==> [/usr/lib]
  collapse library dir [/usr/lib/gcc/x86_64-linux-gnu/9/../../..] ==> [/usr/lib]
  implicit libs: [stdc++;m;gcc_s;gcc;c;gcc_s;gcc]
  implicit dirs: [/usr/lib/gcc/x86_64-linux-gnu/9;/usr/lib/x86_64-linux-gnu;/usr/lib;/lib/x86_64-linux-gnu;/lib]
  implicit fwks: []


Determining if the include file pthread.h exists passed with the following output:
Change Dir: /home/okan/turtlebot2_ws/build_isolated/ecl_config/CMakeFiles/CMakeTmp

Run Build Command(s):/usr/bin/make cmTC_43588/fast && /usr/bin/make -f CMakeFiles/cmTC_43588.dir/build.make CMakeFiles/cmTC_43588.dir/build
make[1]: Entering directory '/home/okan/turtlebot2_ws/build_isolated/ecl_config/CMakeFiles/CMakeTmp'
Building C object CMakeFiles/cmTC_43588.dir/CheckIncludeFile.c.o
/usr/bin/cc    -o CMakeFiles/cmTC_43588.dir/CheckIncludeFile.c.o   -c /home/okan/turtlebot2_ws/build_isolated/ecl_config/CMakeFiles/CMakeTmp/CheckIncludeFile.c
Linking C executable cmTC_43588
/usr/bin/cmake -E cmake_link_script CMakeFiles/cmTC_43588.dir/link.txt --verbose=1
/usr/bin/cc      -rdynamic CMakeFiles/cmTC_43588.dir/CheckIncludeFile.c.o  -o cmTC_43588 
make[1]: Leaving directory '/home/okan/turtlebot2_ws/build_isolated/ecl_config/CMakeFiles/CMakeTmp'



Determining if the function pthread_create exists in the pthread passed with the following output:
Change Dir: /home/okan/turtlebot2_ws/build_isolated/ecl_config/CMakeFiles/CMakeTmp

Run Build Command(s):/usr/bin/make cmTC_dee8a/fast && /usr/bin/make -f CMakeFiles/cmTC_dee8a.dir/build.make CMakeFiles/cmTC_dee8a.dir/build
make[1]: Entering directory '/home/okan/turtlebot2_ws/build_isolated/ecl_config/CMakeFiles/CMakeTmp'
Building C object CMakeFiles/cmTC_dee8a.dir/CheckFunctionExists.c.o
/usr/bin/cc   -DCHECK_FUNCTION_EXISTS=pthread_create   -o CMakeFiles/cmTC_dee8a.dir/CheckFunctionExists.c.o   -c /usr/share/cmake-3.16/Modules/CheckFunctionExists.c
Linking C executable cmTC_dee8a
/usr/bin/cmake -E cmake_link_script CMakeFiles/cmTC_dee8a.dir/link.txt --verbose=1
/usr/bin/cc  -DCHECK_FUNCTION_EXISTS=pthread_create    -rdynamic CMakeFiles/cmTC_dee8a.dir/CheckFunctionExists.c.o  -o cmTC_dee8a  -lpthread 
make[1]: Leaving directory '/home/okan/turtlebot2_ws/build_isolated/ecl_config/CMakeFiles/CMakeTmp'



Determining if the _POSIX_VERSION exist passed with the following output:
Change Dir: /home/okan/turtlebot2_ws/build_isolated/ecl_config/CMakeFiles/CMakeTmp

Run Build Command(s):/usr/bin/make cmTC_00796/fast && /usr/bin/make -f CMakeFiles/cmTC_00796.dir/build.make CMakeFiles/cmTC_00796.dir/build
make[1]: Entering directory '/home/okan/turtlebot2_ws/build_isolated/ecl_config/CMakeFiles/CMakeTmp'
Building C object CMakeFiles/cmTC_00796.dir/CheckSymbolExists.c.o
/usr/bin/cc    -o CMakeFiles/cmTC_00796.dir/CheckSymbolExists.c.o   -c /home/okan/turtlebot2_ws/build_isolated/ecl_config/CMakeFiles/CMakeTmp/CheckSymbolExists.c
Linking C executable cmTC_00796
/usr/bin/cmake -E cmake_link_script CMakeFiles/cmTC_00796.dir/link.txt --verbose=1
/usr/bin/cc      -rdynamic CMakeFiles/cmTC_00796.dir/CheckSymbolExists.c.o  -o cmTC_00796 
make[1]: Leaving directory '/home/okan/turtlebot2_ws/build_isolated/ecl_config/CMakeFiles/CMakeTmp'


File /home/okan/turtlebot2_ws/build_isolated/ecl_config/CMakeFiles/CMakeTmp/CheckSymbolExists.c:
/* */
#include <unistd.h>

int main(int argc, char** argv)
{
  (void)argv;
#ifndef _POSIX_VERSION
  return ((int*)(&_POSIX_VERSION))[argc];
#else
  (void)argc;
  return 0;
#endif
}
Determining if the function realpath exists in the rt passed with the following output:
Change Dir: /home/okan/turtlebot2_ws/build_isolated/ecl_config/CMakeFiles/CMakeTmp

Run Build Command(s):/usr/bin/make cmTC_af671/fast && /usr/bin/make -f CMakeFiles/cmTC_af671.dir/build.make CMakeFiles/cmTC_af671.dir/build
make[1]: Entering directory '/home/okan/turtlebot2_ws/build_isolated/ecl_config/CMakeFiles/CMakeTmp'
Building C object CMakeFiles/cmTC_af671.dir/CheckFunctionExists.c.o
/usr/bin/cc   -DCHECK_FUNCTION_EXISTS=realpath   -o CMakeFiles/cmTC_af671.dir/CheckFunctionExists.c.o   -c /usr/share/cmake-3.16/Modules/CheckFunctionExists.c
Linking C executable cmTC_af671
/usr/bin/cmake -E cmake_link_script CMakeFiles/cmTC_af671.dir/link.txt --verbose=1
/usr/bin/cc  -DCHECK_FUNCTION_EXISTS=realpath    -rdynamic CMakeFiles/cmTC_af671.dir/CheckFunctionExists.c.o  -o cmTC_af671  -lrt 
make[1]: Leaving directory '/home/okan/turtlebot2_ws/build_isolated/ecl_config/CMakeFiles/CMakeTmp'



Determining if the function clock_nanosleep exists in the rt passed with the following output:
Change Dir: /home/okan/turtlebot2_ws/build_isolated/ecl_config/CMakeFiles/CMakeTmp

Run Build Command(s):/usr/bin/make cmTC_05983/fast && /usr/bin/make -f CMakeFiles/cmTC_05983.dir/build.make CMakeFiles/cmTC_05983.dir/build
make[1]: Entering directory '/home/okan/turtlebot2_ws/build_isolated/ecl_config/CMakeFiles/CMakeTmp'
Building C object CMakeFiles/cmTC_05983.dir/CheckFunctionExists.c.o
/usr/bin/cc   -DCHECK_FUNCTION_EXISTS=clock_nanosleep   -o CMakeFiles/cmTC_05983.dir/CheckFunctionExists.c.o   -c /usr/share/cmake-3.16/Modules/CheckFunctionExists.c
Linking C executable cmTC_05983
/usr/bin/cmake -E cmake_link_script CMakeFiles/cmTC_05983.dir/link.txt --verbose=1
/usr/bin/cc  -DCHECK_FUNCTION_EXISTS=clock_nanosleep    -rdynamic CMakeFiles/cmTC_05983.dir/CheckFunctionExists.c.o  -o cmTC_05983  -lrt 
make[1]: Leaving directory '/home/okan/turtlebot2_ws/build_isolated/ecl_config/CMakeFiles/CMakeTmp'



Determining if the function clock_gettime exists in the rt passed with the following output:
Change Dir: /home/okan/turtlebot2_ws/build_isolated/ecl_config/CMakeFiles/CMakeTmp

Run Build Command(s):/usr/bin/make cmTC_26b35/fast && /usr/bin/make -f CMakeFiles/cmTC_26b35.dir/build.make CMakeFiles/cmTC_26b35.dir/build
make[1]: Entering directory '/home/okan/turtlebot2_ws/build_isolated/ecl_config/CMakeFiles/CMakeTmp'
Building C object CMakeFiles/cmTC_26b35.dir/CheckFunctionExists.c.o
/usr/bin/cc   -DCHECK_FUNCTION_EXISTS=clock_gettime   -o CMakeFiles/cmTC_26b35.dir/CheckFunctionExists.c.o   -c /usr/share/cmake-3.16/Modules/CheckFunctionExists.c
Linking C executable cmTC_26b35
/usr/bin/cmake -E cmake_link_script CMakeFiles/cmTC_26b35.dir/link.txt --verbose=1
/usr/bin/cc  -DCHECK_FUNCTION_EXISTS=clock_gettime    -rdynamic CMakeFiles/cmTC_26b35.dir/CheckFunctionExists.c.o  -o cmTC_26b35  -lrt 
make[1]: Leaving directory '/home/okan/turtlebot2_ws/build_isolated/ecl_config/CMakeFiles/CMakeTmp'



Determining if the function pthread_mutex_timedlock exists in the pthread passed with the following output:
Change Dir: /home/okan/turtlebot2_ws/build_isolated/ecl_config/CMakeFiles/CMakeTmp

Run Build Command(s):/usr/bin/make cmTC_025b3/fast && /usr/bin/make -f CMakeFiles/cmTC_025b3.dir/build.make CMakeFiles/cmTC_025b3.dir/build
make[1]: Entering directory '/home/okan/turtlebot2_ws/build_isolated/ecl_config/CMakeFiles/CMakeTmp'
Building C object CMakeFiles/cmTC_025b3.dir/CheckFunctionExists.c.o
/usr/bin/cc   -DCHECK_FUNCTION_EXISTS=pthread_mutex_timedlock   -o CMakeFiles/cmTC_025b3.dir/CheckFunctionExists.c.o   -c /usr/share/cmake-3.16/Modules/CheckFunctionExists.c
Linking C executable cmTC_025b3
/usr/bin/cmake -E cmake_link_script CMakeFiles/cmTC_025b3.dir/link.txt --verbose=1
/usr/bin/cc  -DCHECK_FUNCTION_EXISTS=pthread_mutex_timedlock    -rdynamic CMakeFiles/cmTC_025b3.dir/CheckFunctionExists.c.o  -o cmTC_025b3  -lpthread 
make[1]: Leaving directory '/home/okan/turtlebot2_ws/build_isolated/ecl_config/CMakeFiles/CMakeTmp'



Determining if the function nanosleep exists in the pthread passed with the following output:
Change Dir: /home/okan/turtlebot2_ws/build_isolated/ecl_config/CMakeFiles/CMakeTmp

Run Build Command(s):/usr/bin/make cmTC_597f7/fast && /usr/bin/make -f CMakeFiles/cmTC_597f7.dir/build.make CMakeFiles/cmTC_597f7.dir/build
make[1]: Entering directory '/home/okan/turtlebot2_ws/build_isolated/ecl_config/CMakeFiles/CMakeTmp'
Building C object CMakeFiles/cmTC_597f7.dir/CheckFunctionExists.c.o
/usr/bin/cc   -DCHECK_FUNCTION_EXISTS=nanosleep   -o CMakeFiles/cmTC_597f7.dir/CheckFunctionExists.c.o   -c /usr/share/cmake-3.16/Modules/CheckFunctionExists.c
Linking C executable cmTC_597f7
/usr/bin/cmake -E cmake_link_script CMakeFiles/cmTC_597f7.dir/link.txt --verbose=1
/usr/bin/cc  -DCHECK_FUNCTION_EXISTS=nanosleep    -rdynamic CMakeFiles/cmTC_597f7.dir/CheckFunctionExists.c.o  -o cmTC_597f7  -lpthread 
make[1]: Leaving directory '/home/okan/turtlebot2_ws/build_isolated/ecl_config/CMakeFiles/CMakeTmp'



Determining if the function shm_open exists in the rt passed with the following output:
Change Dir: /home/okan/turtlebot2_ws/build_isolated/ecl_config/CMakeFiles/CMakeTmp

Run Build Command(s):/usr/bin/make cmTC_78e09/fast && /usr/bin/make -f CMakeFiles/cmTC_78e09.dir/build.make CMakeFiles/cmTC_78e09.dir/build
make[1]: Entering directory '/home/okan/turtlebot2_ws/build_isolated/ecl_config/CMakeFiles/CMakeTmp'
Building C object CMakeFiles/cmTC_78e09.dir/CheckFunctionExists.c.o
/usr/bin/cc   -DCHECK_FUNCTION_EXISTS=shm_open   -o CMakeFiles/cmTC_78e09.dir/CheckFunctionExists.c.o   -c /usr/share/cmake-3.16/Modules/CheckFunctionExists.c
Linking C executable cmTC_78e09
/usr/bin/cmake -E cmake_link_script CMakeFiles/cmTC_78e09.dir/link.txt --verbose=1
/usr/bin/cc  -DCHECK_FUNCTION_EXISTS=shm_open    -rdynamic CMakeFiles/cmTC_78e09.dir/CheckFunctionExists.c.o  -o cmTC_78e09  -lrt 
make[1]: Leaving directory '/home/okan/turtlebot2_ws/build_isolated/ecl_config/CMakeFiles/CMakeTmp'



Determining if the function sched_setscheduler exists in the pthread passed with the following output:
Change Dir: /home/okan/turtlebot2_ws/build_isolated/ecl_config/CMakeFiles/CMakeTmp

Run Build Command(s):/usr/bin/make cmTC_e1bd9/fast && /usr/bin/make -f CMakeFiles/cmTC_e1bd9.dir/build.make CMakeFiles/cmTC_e1bd9.dir/build
make[1]: Entering directory '/home/okan/turtlebot2_ws/build_isolated/ecl_config/CMakeFiles/CMakeTmp'
Building C object CMakeFiles/cmTC_e1bd9.dir/CheckFunctionExists.c.o
/usr/bin/cc   -DCHECK_FUNCTION_EXISTS=sched_setscheduler   -o CMakeFiles/cmTC_e1bd9.dir/CheckFunctionExists.c.o   -c /usr/share/cmake-3.16/Modules/CheckFunctionExists.c
Linking C executable cmTC_e1bd9
/usr/bin/cmake -E cmake_link_script CMakeFiles/cmTC_e1bd9.dir/link.txt --verbose=1
/usr/bin/cc  -DCHECK_FUNCTION_EXISTS=sched_setscheduler    -rdynamic CMakeFiles/cmTC_e1bd9.dir/CheckFunctionExists.c.o  -o cmTC_e1bd9  -lpthread 
make[1]: Leaving directory '/home/okan/turtlebot2_ws/build_isolated/ecl_config/CMakeFiles/CMakeTmp'



Determining if the function sem_timedwait exists in the pthread passed with the following output:
Change Dir: /home/okan/turtlebot2_ws/build_isolated/ecl_config/CMakeFiles/CMakeTmp

Run Build Command(s):/usr/bin/make cmTC_d0d41/fast && /usr/bin/make -f CMakeFiles/cmTC_d0d41.dir/build.make CMakeFiles/cmTC_d0d41.dir/build
make[1]: Entering directory '/home/okan/turtlebot2_ws/build_isolated/ecl_config/CMakeFiles/CMakeTmp'
Building C object CMakeFiles/cmTC_d0d41.dir/CheckFunctionExists.c.o
/usr/bin/cc   -DCHECK_FUNCTION_EXISTS=sem_timedwait   -o CMakeFiles/cmTC_d0d41.dir/CheckFunctionExists.c.o   -c /usr/share/cmake-3.16/Modules/CheckFunctionExists.c
Linking C executable cmTC_d0d41
/usr/bin/cmake -E cmake_link_script CMakeFiles/cmTC_d0d41.dir/link.txt --verbose=1
/usr/bin/cc  -DCHECK_FUNCTION_EXISTS=sem_timedwait    -rdynamic CMakeFiles/cmTC_d0d41.dir/CheckFunctionExists.c.o  -o cmTC_d0d41  -lpthread 
make[1]: Leaving directory '/home/okan/turtlebot2_ws/build_isolated/ecl_config/CMakeFiles/CMakeTmp'



Determining if the function sem_init exists in the pthread passed with the following output:
Change Dir: /home/okan/turtlebot2_ws/build_isolated/ecl_config/CMakeFiles/CMakeTmp

Run Build Command(s):/usr/bin/make cmTC_c10b9/fast && /usr/bin/make -f CMakeFiles/cmTC_c10b9.dir/build.make CMakeFiles/cmTC_c10b9.dir/build
make[1]: Entering directory '/home/okan/turtlebot2_ws/build_isolated/ecl_config/CMakeFiles/CMakeTmp'
Building C object CMakeFiles/cmTC_c10b9.dir/CheckFunctionExists.c.o
/usr/bin/cc   -DCHECK_FUNCTION_EXISTS=sem_init   -o CMakeFiles/cmTC_c10b9.dir/CheckFunctionExists.c.o   -c /usr/share/cmake-3.16/Modules/CheckFunctionExists.c
Linking C executable cmTC_c10b9
/usr/bin/cmake -E cmake_link_script CMakeFiles/cmTC_c10b9.dir/link.txt --verbose=1
/usr/bin/cc  -DCHECK_FUNCTION_EXISTS=sem_init    -rdynamic CMakeFiles/cmTC_c10b9.dir/CheckFunctionExists.c.o  -o cmTC_c10b9  -lpthread 
make[1]: Leaving directory '/home/okan/turtlebot2_ws/build_isolated/ecl_config/CMakeFiles/CMakeTmp'



Determining if the CLOCK_MONOTONIC exist passed with the following output:
Change Dir: /home/okan/turtlebot2_ws/build_isolated/ecl_config/CMakeFiles/CMakeTmp

Run Build Command(s):/usr/bin/make cmTC_03d1f/fast && /usr/bin/make -f CMakeFiles/cmTC_03d1f.dir/build.make CMakeFiles/cmTC_03d1f.dir/build
make[1]: Entering directory '/home/okan/turtlebot2_ws/build_isolated/ecl_config/CMakeFiles/CMakeTmp'
Building C object CMakeFiles/cmTC_03d1f.dir/CheckSymbolExists.c.o
/usr/bin/cc    -o CMakeFiles/cmTC_03d1f.dir/CheckSymbolExists.c.o   -c /home/okan/turtlebot2_ws/build_isolated/ecl_config/CMakeFiles/CMakeTmp/CheckSymbolExists.c
Linking C executable cmTC_03d1f
/usr/bin/cmake -E cmake_link_script CMakeFiles/cmTC_03d1f.dir/link.txt --verbose=1
/usr/bin/cc      -rdynamic CMakeFiles/cmTC_03d1f.dir/CheckSymbolExists.c.o  -o cmTC_03d1f 
make[1]: Leaving directory '/home/okan/turtlebot2_ws/build_isolated/ecl_config/CMakeFiles/CMakeTmp'


File /home/okan/turtlebot2_ws/build_isolated/ecl_config/CMakeFiles/CMakeTmp/CheckSymbolExists.c:
/* */
#include <time.h>

int main(int argc, char** argv)
{
  (void)argv;
#ifndef CLOCK_MONOTONIC
  return ((int*)(&CLOCK_MONOTONIC))[argc];
#else
  (void)argc;
  return 0;
#endif
}
Determining if the CLOCK_PROCESS_CPUTIME_ID exist passed with the following output:
Change Dir: /home/okan/turtlebot2_ws/build_isolated/ecl_config/CMakeFiles/CMakeTmp

Run Build Command(s):/usr/bin/make cmTC_aad6e/fast && /usr/bin/make -f CMakeFiles/cmTC_aad6e.dir/build.make CMakeFiles/cmTC_aad6e.dir/build
make[1]: Entering directory '/home/okan/turtlebot2_ws/build_isolated/ecl_config/CMakeFiles/CMakeTmp'
Building C object CMakeFiles/cmTC_aad6e.dir/CheckSymbolExists.c.o
/usr/bin/cc    -o CMakeFiles/cmTC_aad6e.dir/CheckSymbolExists.c.o   -c /home/okan/turtlebot2_ws/build_isolated/ecl_config/CMakeFiles/CMakeTmp/CheckSymbolExists.c
Linking C executable cmTC_aad6e
/usr/bin/cmake -E cmake_link_script CMakeFiles/cmTC_aad6e.dir/link.txt --verbose=1
/usr/bin/cc      -rdynamic CMakeFiles/cmTC_aad6e.dir/CheckSymbolExists.c.o  -o cmTC_aad6e 
make[1]: Leaving directory '/home/okan/turtlebot2_ws/build_isolated/ecl_config/CMakeFiles/CMakeTmp'


File /home/okan/turtlebot2_ws/build_isolated/ecl_config/CMakeFiles/CMakeTmp/CheckSymbolExists.c:
/* */
#include <time.h>

int main(int argc, char** argv)
{
  (void)argv;
#ifndef CLOCK_PROCESS_CPUTIME_ID
  return ((int*)(&CLOCK_PROCESS_CPUTIME_ID))[argc];
#else
  (void)argc;
  return 0;
#endif
}
Determining if the include file sys/types.h exists passed with the following output:
Change Dir: /home/okan/turtlebot2_ws/build_isolated/ecl_config/CMakeFiles/CMakeTmp

Run Build Command(s):/usr/bin/make cmTC_1d557/fast && /usr/bin/make -f CMakeFiles/cmTC_1d557.dir/build.make CMakeFiles/cmTC_1d557.dir/build
make[1]: Entering directory '/home/okan/turtlebot2_ws/build_isolated/ecl_config/CMakeFiles/CMakeTmp'
Building C object CMakeFiles/cmTC_1d557.dir/CheckIncludeFile.c.o
/usr/bin/cc    -o CMakeFiles/cmTC_1d557.dir/CheckIncludeFile.c.o   -c /home/okan/turtlebot2_ws/build_isolated/ecl_config/CMakeFiles/CMakeTmp/CheckIncludeFile.c
Linking C executable cmTC_1d557
/usr/bin/cmake -E cmake_link_script CMakeFiles/cmTC_1d557.dir/link.txt --verbose=1
/usr/bin/cc      -rdynamic CMakeFiles/cmTC_1d557.dir/CheckIncludeFile.c.o  -o cmTC_1d557 
make[1]: Leaving directory '/home/okan/turtlebot2_ws/build_isolated/ecl_config/CMakeFiles/CMakeTmp'



Determining if the include file stdint.h exists passed with the following output:
Change Dir: /home/okan/turtlebot2_ws/build_isolated/ecl_config/CMakeFiles/CMakeTmp

Run Build Command(s):/usr/bin/make cmTC_eb7f2/fast && /usr/bin/make -f CMakeFiles/cmTC_eb7f2.dir/build.make CMakeFiles/cmTC_eb7f2.dir/build
make[1]: Entering directory '/home/okan/turtlebot2_ws/build_isolated/ecl_config/CMakeFiles/CMakeTmp'
Building C object CMakeFiles/cmTC_eb7f2.dir/CheckIncludeFile.c.o
/usr/bin/cc    -o CMakeFiles/cmTC_eb7f2.dir/CheckIncludeFile.c.o   -c /home/okan/turtlebot2_ws/build_isolated/ecl_config/CMakeFiles/CMakeTmp/CheckIncludeFile.c
Linking C executable cmTC_eb7f2
/usr/bin/cmake -E cmake_link_script CMakeFiles/cmTC_eb7f2.dir/link.txt --verbose=1
/usr/bin/cc      -rdynamic CMakeFiles/cmTC_eb7f2.dir/CheckIncludeFile.c.o  -o cmTC_eb7f2 
make[1]: Leaving directory '/home/okan/turtlebot2_ws/build_isolated/ecl_config/CMakeFiles/CMakeTmp'



Determining if the include file stddef.h exists passed with the following output:
Change Dir: /home/okan/turtlebot2_ws/build_isolated/ecl_config/CMakeFiles/CMakeTmp

Run Build Command(s):/usr/bin/make cmTC_2a6ed/fast && /usr/bin/make -f CMakeFiles/cmTC_2a6ed.dir/build.make CMakeFiles/cmTC_2a6ed.dir/build
make[1]: Entering directory '/home/okan/turtlebot2_ws/build_isolated/ecl_config/CMakeFiles/CMakeTmp'
Building C object CMakeFiles/cmTC_2a6ed.dir/CheckIncludeFile.c.o
/usr/bin/cc    -o CMakeFiles/cmTC_2a6ed.dir/CheckIncludeFile.c.o   -c /home/okan/turtlebot2_ws/build_isolated/ecl_config/CMakeFiles/CMakeTmp/CheckIncludeFile.c
Linking C executable cmTC_2a6ed
/usr/bin/cmake -E cmake_link_script CMakeFiles/cmTC_2a6ed.dir/link.txt --verbose=1
/usr/bin/cc      -rdynamic CMakeFiles/cmTC_2a6ed.dir/CheckIncludeFile.c.o  -o cmTC_2a6ed 
make[1]: Leaving directory '/home/okan/turtlebot2_ws/build_isolated/ecl_config/CMakeFiles/CMakeTmp'



Determining size of char passed with the following output:
Change Dir: /home/okan/turtlebot2_ws/build_isolated/ecl_config/CMakeFiles/CMakeTmp

Run Build Command(s):/usr/bin/make cmTC_d6fc3/fast && /usr/bin/make -f CMakeFiles/cmTC_d6fc3.dir/build.make CMakeFiles/cmTC_d6fc3.dir/build
make[1]: Entering directory '/home/okan/turtlebot2_ws/build_isolated/ecl_config/CMakeFiles/CMakeTmp'
Building C object CMakeFiles/cmTC_d6fc3.dir/PLATFORM_SIZE_OF_CHAR.c.o
/usr/bin/cc    -o CMakeFiles/cmTC_d6fc3.dir/PLATFORM_SIZE_OF_CHAR.c.o   -c /home/okan/turtlebot2_ws/build_isolated/ecl_config/CMakeFiles/CheckTypeSize/PLATFORM_SIZE_OF_CHAR.c
Linking C executable cmTC_d6fc3
/usr/bin/cmake -E cmake_link_script CMakeFiles/cmTC_d6fc3.dir/link.txt --verbose=1
/usr/bin/cc      -rdynamic CMakeFiles/cmTC_d6fc3.dir/PLATFORM_SIZE_OF_CHAR.c.o  -o cmTC_d6fc3 
make[1]: Leaving directory '/home/okan/turtlebot2_ws/build_isolated/ecl_config/CMakeFiles/CMakeTmp'



Determining size of short passed with the following output:
Change Dir: /home/okan/turtlebot2_ws/build_isolated/ecl_config/CMakeFiles/CMakeTmp

Run Build Command(s):/usr/bin/make cmTC_152fd/fast && /usr/bin/make -f CMakeFiles/cmTC_152fd.dir/build.make CMakeFiles/cmTC_152fd.dir/build
make[1]: Entering directory '/home/okan/turtlebot2_ws/build_isolated/ecl_config/CMakeFiles/CMakeTmp'
Building C object CMakeFiles/cmTC_152fd.dir/PLATFORM_SIZE_OF_SHORT.c.o
/usr/bin/cc    -o CMakeFiles/cmTC_152fd.dir/PLATFORM_SIZE_OF_SHORT.c.o   -c /home/okan/turtlebot2_ws/build_isolated/ecl_config/CMakeFiles/CheckTypeSize/PLATFORM_SIZE_OF_SHORT.c
Linking C executable cmTC_152fd
/usr/bin/cmake -E cmake_link_script CMakeFiles/cmTC_152fd.dir/link.txt --verbose=1
/usr/bin/cc      -rdynamic CMakeFiles/cmTC_152fd.dir/PLATFORM_SIZE_OF_SHORT.c.o  -o cmTC_152fd 
make[1]: Leaving directory '/home/okan/turtlebot2_ws/build_isolated/ecl_config/CMakeFiles/CMakeTmp'



Determining size of int passed with the following output:
Change Dir: /home/okan/turtlebot2_ws/build_isolated/ecl_config/CMakeFiles/CMakeTmp

Run Build Command(s):/usr/bin/make cmTC_f3411/fast && /usr/bin/make -f CMakeFiles/cmTC_f3411.dir/build.make CMakeFiles/cmTC_f3411.dir/build
make[1]: Entering directory '/home/okan/turtlebot2_ws/build_isolated/ecl_config/CMakeFiles/CMakeTmp'
Building C object CMakeFiles/cmTC_f3411.dir/PLATFORM_SIZE_OF_INT.c.o
/usr/bin/cc    -o CMakeFiles/cmTC_f3411.dir/PLATFORM_SIZE_OF_INT.c.o   -c /home/okan/turtlebot2_ws/build_isolated/ecl_config/CMakeFiles/CheckTypeSize/PLATFORM_SIZE_OF_INT.c
Linking C executable cmTC_f3411
/usr/bin/cmake -E cmake_link_script CMakeFiles/cmTC_f3411.dir/link.txt --verbose=1
/usr/bin/cc      -rdynamic CMakeFiles/cmTC_f3411.dir/PLATFORM_SIZE_OF_INT.c.o  -o cmTC_f3411 
make[1]: Leaving directory '/home/okan/turtlebot2_ws/build_isolated/ecl_config/CMakeFiles/CMakeTmp'



Determining size of long passed with the following output:
Change Dir: /home/okan/turtlebot2_ws/build_isolated/ecl_config/CMakeFiles/CMakeTmp

Run Build Command(s):/usr/bin/make cmTC_b22f3/fast && /usr/bin/make -f CMakeFiles/cmTC_b22f3.dir/build.make CMakeFiles/cmTC_b22f3.dir/build
make[1]: Entering directory '/home/okan/turtlebot2_ws/build_isolated/ecl_config/CMakeFiles/CMakeTmp'
Building C object CMakeFiles/cmTC_b22f3.dir/PLATFORM_SIZE_OF_LONG.c.o
/usr/bin/cc    -o CMakeFiles/cmTC_b22f3.dir/PLATFORM_SIZE_OF_LONG.c.o   -c /home/okan/turtlebot2_ws/build_isolated/ecl_config/CMakeFiles/CheckTypeSize/PLATFORM_SIZE_OF_LONG.c
Linking C executable cmTC_b22f3
/usr/bin/cmake -E cmake_link_script CMakeFiles/cmTC_b22f3.dir/link.txt --verbose=1
/usr/bin/cc      -rdynamic CMakeFiles/cmTC_b22f3.dir/PLATFORM_SIZE_OF_LONG.c.o  -o cmTC_b22f3 
make[1]: Leaving directory '/home/okan/turtlebot2_ws/build_isolated/ecl_config/CMakeFiles/CMakeTmp'



Determining size of long long passed with the following output:
Change Dir: /home/okan/turtlebot2_ws/build_isolated/ecl_config/CMakeFiles/CMakeTmp

Run Build Command(s):/usr/bin/make cmTC_c4b59/fast && /usr/bin/make -f CMakeFiles/cmTC_c4b59.dir/build.make CMakeFiles/cmTC_c4b59.dir/build
make[1]: Entering directory '/home/okan/turtlebot2_ws/build_isolated/ecl_config/CMakeFiles/CMakeTmp'
Building C object CMakeFiles/cmTC_c4b59.dir/PLATFORM_SIZE_OF_LONG_LONG.c.o
/usr/bin/cc    -o CMakeFiles/cmTC_c4b59.dir/PLATFORM_SIZE_OF_LONG_LONG.c.o   -c /home/okan/turtlebot2_ws/build_isolated/ecl_config/CMakeFiles/CheckTypeSize/PLATFORM_SIZE_OF_LONG_LONG.c
Linking C executable cmTC_c4b59
/usr/bin/cmake -E cmake_link_script CMakeFiles/cmTC_c4b59.dir/link.txt --verbose=1
/usr/bin/cc      -rdynamic CMakeFiles/cmTC_c4b59.dir/PLATFORM_SIZE_OF_LONG_LONG.c.o  -o cmTC_c4b59 
make[1]: Leaving directory '/home/okan/turtlebot2_ws/build_isolated/ecl_config/CMakeFiles/CMakeTmp'



Determining size of float passed with the following output:
Change Dir: /home/okan/turtlebot2_ws/build_isolated/ecl_config/CMakeFiles/CMakeTmp

Run Build Command(s):/usr/bin/make cmTC_df0ea/fast && /usr/bin/make -f CMakeFiles/cmTC_df0ea.dir/build.make CMakeFiles/cmTC_df0ea.dir/build
make[1]: Entering directory '/home/okan/turtlebot2_ws/build_isolated/ecl_config/CMakeFiles/CMakeTmp'
Building C object CMakeFiles/cmTC_df0ea.dir/PLATFORM_SIZE_OF_FLOAT.c.o
/usr/bin/cc    -o CMakeFiles/cmTC_df0ea.dir/PLATFORM_SIZE_OF_FLOAT.c.o   -c /home/okan/turtlebot2_ws/build_isolated/ecl_config/CMakeFiles/CheckTypeSize/PLATFORM_SIZE_OF_FLOAT.c
Linking C executable cmTC_df0ea
/usr/bin/cmake -E cmake_link_script CMakeFiles/cmTC_df0ea.dir/link.txt --verbose=1
/usr/bin/cc      -rdynamic CMakeFiles/cmTC_df0ea.dir/PLATFORM_SIZE_OF_FLOAT.c.o  -o cmTC_df0ea 
make[1]: Leaving directory '/home/okan/turtlebot2_ws/build_isolated/ecl_config/CMakeFiles/CMakeTmp'



Determining size of double passed with the following output:
Change Dir: /home/okan/turtlebot2_ws/build_isolated/ecl_config/CMakeFiles/CMakeTmp

Run Build Command(s):/usr/bin/make cmTC_6e4d7/fast && /usr/bin/make -f CMakeFiles/cmTC_6e4d7.dir/build.make CMakeFiles/cmTC_6e4d7.dir/build
make[1]: Entering directory '/home/okan/turtlebot2_ws/build_isolated/ecl_config/CMakeFiles/CMakeTmp'
Building C object CMakeFiles/cmTC_6e4d7.dir/PLATFORM_SIZE_OF_DOUBLE.c.o
/usr/bin/cc    -o CMakeFiles/cmTC_6e4d7.dir/PLATFORM_SIZE_OF_DOUBLE.c.o   -c /home/okan/turtlebot2_ws/build_isolated/ecl_config/CMakeFiles/CheckTypeSize/PLATFORM_SIZE_OF_DOUBLE.c
Linking C executable cmTC_6e4d7
/usr/bin/cmake -E cmake_link_script CMakeFiles/cmTC_6e4d7.dir/link.txt --verbose=1
/usr/bin/cc      -rdynamic CMakeFiles/cmTC_6e4d7.dir/PLATFORM_SIZE_OF_DOUBLE.c.o  -o cmTC_6e4d7 
make[1]: Leaving directory '/home/okan/turtlebot2_ws/build_isolated/ecl_config/CMakeFiles/CMakeTmp'



Determining size of long double passed with the following output:
Change Dir: /home/okan/turtlebot2_ws/build_isolated/ecl_config/CMakeFiles/CMakeTmp

Run Build Command(s):/usr/bin/make cmTC_8f53b/fast && /usr/bin/make -f CMakeFiles/cmTC_8f53b.dir/build.make CMakeFiles/cmTC_8f53b.dir/build
make[1]: Entering directory '/home/okan/turtlebot2_ws/build_isolated/ecl_config/CMakeFiles/CMakeTmp'
Building C object CMakeFiles/cmTC_8f53b.dir/PLATFORM_SIZE_OF_LONG_DOUBLE.c.o
/usr/bin/cc    -o CMakeFiles/cmTC_8f53b.dir/PLATFORM_SIZE_OF_LONG_DOUBLE.c.o   -c /home/okan/turtlebot2_ws/build_isolated/ecl_config/CMakeFiles/CheckTypeSize/PLATFORM_SIZE_OF_LONG_DOUBLE.c
Linking C executable cmTC_8f53b
/usr/bin/cmake -E cmake_link_script CMakeFiles/cmTC_8f53b.dir/link.txt --verbose=1
/usr/bin/cc      -rdynamic CMakeFiles/cmTC_8f53b.dir/PLATFORM_SIZE_OF_LONG_DOUBLE.c.o  -o cmTC_8f53b 
make[1]: Leaving directory '/home/okan/turtlebot2_ws/build_isolated/ecl_config/CMakeFiles/CMakeTmp'



Determining size of unsigned short passed with the following output:
Change Dir: /home/okan/turtlebot2_ws/build_isolated/ecl_config/CMakeFiles/CMakeTmp

Run Build Command(s):/usr/bin/make cmTC_242b6/fast && /usr/bin/make -f CMakeFiles/cmTC_242b6.dir/build.make CMakeFiles/cmTC_242b6.dir/build
make[1]: Entering directory '/home/okan/turtlebot2_ws/build_isolated/ecl_config/CMakeFiles/CMakeTmp'
Building C object CMakeFiles/cmTC_242b6.dir/CMAKE_SIZEOF_UNSIGNED_SHORT.c.o
/usr/bin/cc    -o CMakeFiles/cmTC_242b6.dir/CMAKE_SIZEOF_UNSIGNED_SHORT.c.o   -c /home/okan/turtlebot2_ws/build_isolated/ecl_config/CMakeFiles/CheckTypeSize/CMAKE_SIZEOF_UNSIGNED_SHORT.c
Linking C executable cmTC_242b6
/usr/bin/cmake -E cmake_link_script CMakeFiles/cmTC_242b6.dir/link.txt --verbose=1
/usr/bin/cc      -rdynamic CMakeFiles/cmTC_242b6.dir/CMAKE_SIZEOF_UNSIGNED_SHORT.c.o  -o cmTC_242b6 
make[1]: Leaving directory '/home/okan/turtlebot2_ws/build_isolated/ecl_config/CMakeFiles/CMakeTmp'



Determining if the system is big endian passed with the following output:
Change Dir: /home/okan/turtlebot2_ws/build_isolated/ecl_config/CMakeFiles/CMakeTmp

Run Build Command(s):/usr/bin/make cmTC_02980/fast && /usr/bin/make -f CMakeFiles/cmTC_02980.dir/build.make CMakeFiles/cmTC_02980.dir/build
make[1]: Entering directory '/home/okan/turtlebot2_ws/build_isolated/ecl_config/CMakeFiles/CMakeTmp'
Building C object CMakeFiles/cmTC_02980.dir/TestEndianess.c.o
/usr/bin/cc    -o CMakeFiles/cmTC_02980.dir/TestEndianess.c.o   -c /home/okan/turtlebot2_ws/build_isolated/ecl_config/CMakeFiles/CMakeTmp/TestEndianess.c
Linking C executable cmTC_02980
/usr/bin/cmake -E cmake_link_script CMakeFiles/cmTC_02980.dir/link.txt --verbose=1
/usr/bin/cc      -rdynamic CMakeFiles/cmTC_02980.dir/TestEndianess.c.o  -o cmTC_02980 
make[1]: Leaving directory '/home/okan/turtlebot2_ws/build_isolated/ecl_config/CMakeFiles/CMakeTmp'


TestEndianess.c:
/* A 16 bit integer is required. */
typedef unsigned short cmakeint16;

/* On a little endian machine, these 16bit ints will give "THIS IS LITTLE ENDIAN."
   On a big endian machine the characters will be exchanged pairwise. */
const cmakeint16 info_little[] =  {0x4854, 0x5349, 0x4920, 0x2053, 0x494c, 0x5454, 0x454c, 0x4520, 0x444e, 0x4149, 0x2e4e, 0x0000};

/* on a big endian machine, these 16bit ints will give "THIS IS BIG ENDIAN."
   On a little endian machine the characters will be exchanged pairwise. */
const cmakeint16 info_big[] =     {0x5448, 0x4953, 0x2049, 0x5320, 0x4249, 0x4720, 0x454e, 0x4449, 0x414e, 0x2e2e, 0x0000};

#ifdef __CLASSIC_C__
int main(argc, argv) int argc; char *argv[];
#else
int main(int argc, char *argv[])
#endif
{
  int require = 0;
  require += info_little[argc];
  require += info_big[argc];
  (void)argv;
  return require;
}


